<?xml version="1.0" encoding="UTF-8" ?>
<testsuite errors="0" failures="0" hostname="Amnas-MacBook-Pro.local" name="com.flatironschool.javacs.JedisIndexTest" skipped="0" tests="1" time="652.309" timestamp="2016-07-04T23:53:42">
  <properties>
[...]
</properties>
  <testcase classname="com.flatironschool.javacs.JedisIndexTest" name="testGetCounts" time="651.885" />
  <system-out><![CDATA[javabeans
    https://en.wikipedia.org/wiki/Java_(programming_language) 1
exception
    https://en.wikipedia.org/wiki/Java_(programming_language) 2

    https://en.wikipedia.org/wiki/Java_(programming_language) 336
references
    https://en.wikipedia.org/wiki/Java_(programming_language) 1
allowed
    https://en.wikipedia.org/wiki/Java_(programming_language) 1
objects
    https://en.wikipedia.org/wiki/Java_(programming_language) 11
setvisible
    https://en.wikipedia.org/wiki/Java_(programming_language) 1
recognized
    https://en.wikipedia.org/wiki/Java_(programming_language) 1
slower
    https://en.wikipedia.org/wiki/Java_(programming_language) 1
without
    https://en.wikipedia.org/wiki/Java_(programming_language) 5
these
    https://en.wikipedia.org/wiki/Java_(programming_language) 5
printwriter
    https://en.wikipedia.org/wiki/Java_(programming_language) 1
introduced
    https://en.wikipedia.org/wiki/Java_(programming_language) 1
would
    https://en.wikipedia.org/wiki/Java_(programming_language) 1
protected
    https://en.wikipedia.org/wiki/Java_(programming_language) 1
because
    https://en.wikipedia.org/wiki/Java_(programming_language) 3
ioexception
    https://en.wikipedia.org/wiki/Java_(programming_language) 1
packaged
    https://en.wikipedia.org/wiki/Java_(programming_language) 1
$
    https://en.wikipedia.org/wiki/Java_(programming_language) 1
devices
    https://en.wikipedia.org/wiki/Java_(programming_language) 2
fairly
    https://en.wikipedia.org/wiki/Java_(programming_language) 1
google
    https://en.wikipedia.org/wiki/Java_(programming_language) 5
require
    https://en.wikipedia.org/wiki/Java_(programming_language) 1
optional
    https://en.wikipedia.org/wiki/Java_(programming_language) 1
community
    https://en.wikipedia.org/wiki/Java_(programming_language) 4
packages
    https://en.wikipedia.org/wiki/Java_(programming_language) 4
analysis
    https://en.wikipedia.org/wiki/Java_(programming_language) 2
adapted
    https://en.wikipedia.org/wiki/Java_(programming_language) 1
version
    https://en.wikipedia.org/wiki/Java_(programming_language) 3
standards
    https://en.wikipedia.org/wiki/Java_(programming_language) 3
0
    https://en.wikipedia.org/wiki/Java_(programming_language) 4
reuses
    https://en.wikipedia.org/wiki/Java_(programming_language) 1
1
    https://en.wikipedia.org/wiki/Java_(programming_language) 9
contains
    https://en.wikipedia.org/wiki/Java_(programming_language) 7
2
    https://en.wikipedia.org/wiki/Java_(programming_language) 3
size
    https://en.wikipedia.org/wiki/Java_(programming_language) 1
left
    https://en.wikipedia.org/wiki/Java_(programming_language) 1
5
    https://en.wikipedia.org/wiki/Java_(programming_language) 3
6
    https://en.wikipedia.org/wiki/Java_(programming_language) 2
7
    https://en.wikipedia.org/wiki/Java_(programming_language) 3
historically
    https://en.wikipedia.org/wiki/Java_(programming_language) 1
8
    https://en.wikipedia.org/wiki/Java_(programming_language) 3
9
    https://en.wikipedia.org/wiki/Java_(programming_language) 1
returns
    https://en.wikipedia.org/wiki/Java_(programming_language) 1
<
    https://en.wikipedia.org/wiki/Java_(programming_language) 1
much
    https://en.wikipedia.org/wiki/Java_(programming_language) 2
>
    https://en.wikipedia.org/wiki/Java_(programming_language) 1
object
    https://en.wikipedia.org/wiki/Java_(programming_language) 23
shortly
    https://en.wikipedia.org/wiki/Java_(programming_language) 1
providing
    https://en.wikipedia.org/wiki/Java_(programming_language) 1
role
    https://en.wikipedia.org/wiki/Java_(programming_language) 1
independent
    https://en.wikipedia.org/wiki/Java_(programming_language) 3
notable
    https://en.wikipedia.org/wiki/Java_(programming_language) 1
manual
    https://en.wikipedia.org/wiki/Java_(programming_language) 1
example
    https://en.wikipedia.org/wiki/Java_(programming_language) 4
result
    https://en.wikipedia.org/wiki/Java_(programming_language) 2
characters
    https://en.wikipedia.org/wiki/Java_(programming_language) 1
smartphones
    https://en.wikipedia.org/wiki/Java_(programming_language) 1
after
    https://en.wikipedia.org/wiki/Java_(programming_language) 5
close
    https://en.wikipedia.org/wiki/Java_(programming_language) 5
solaris
    https://en.wikipedia.org/wiki/Java_(programming_language) 1
computers
    https://en.wikipedia.org/wiki/Java_(programming_language) 1
resigned
    https://en.wikipedia.org/wiki/Java_(programming_language) 1
haskell
    https://en.wikipedia.org/wiki/Java_(programming_language) 1
sweep
    https://en.wikipedia.org/wiki/Java_(programming_language) 1
annotation
    https://en.wikipedia.org/wiki/Java_(programming_language) 1
fostering
    https://en.wikipedia.org/wiki/Java_(programming_language) 1
a
    https://en.wikipedia.org/wiki/Java_(programming_language) 101
licensed
    https://en.wikipedia.org/wiki/Java_(programming_language) 1
c
    https://en.wikipedia.org/wiki/Java_(programming_language) 4
sets
    https://en.wikipedia.org/wiki/Java_(programming_language) 1
e
    https://en.wikipedia.org/wiki/Java_(programming_language) 5
copyrights
    https://en.wikipedia.org/wiki/Java_(programming_language) 1
kernel
    https://en.wikipedia.org/wiki/Java_(programming_language) 1
i
    https://en.wikipedia.org/wiki/Java_(programming_language) 5
combines
    https://en.wikipedia.org/wiki/Java_(programming_language) 1
logical
    https://en.wikipedia.org/wiki/Java_(programming_language) 1
printing
    https://en.wikipedia.org/wiki/Java_(programming_language) 2
gnu
    https://en.wikipedia.org/wiki/Java_(programming_language) 5
the
    https://en.wikipedia.org/wiki/Java_(programming_language) 339
swing
    https://en.wikipedia.org/wiki/Java_(programming_language) 8
component
    https://en.wikipedia.org/wiki/Java_(programming_language) 4
licenses
    https://en.wikipedia.org/wiki/Java_(programming_language) 1
s
    https://en.wikipedia.org/wiki/Java_(programming_language) 17
calling
    https://en.wikipedia.org/wiki/Java_(programming_language) 2
x
    https://en.wikipedia.org/wiki/Java_(programming_language) 2
routines
    https://en.wikipedia.org/wiki/Java_(programming_language) 1
returned
    https://en.wikipedia.org/wiki/Java_(programming_language) 3
discuss
    https://en.wikipedia.org/wiki/Java_(programming_language) 1
standard
    https://en.wikipedia.org/wiki/Java_(programming_language) 9
servletrequest
    https://en.wikipedia.org/wiki/Java_(programming_language) 2
harmony
    https://en.wikipedia.org/wiki/Java_(programming_language) 1
november
    https://en.wikipedia.org/wiki/Java_(programming_language) 1
instructions
    https://en.wikipedia.org/wiki/Java_(programming_language) 2
iso
    https://en.wikipedia.org/wiki/Java_(programming_language) 2
keywords
    https://en.wikipedia.org/wiki/Java_(programming_language) 1
official
    https://en.wikipedia.org/wiki/Java_(programming_language) 2
specifications
    https://en.wikipedia.org/wiki/Java_(programming_language) 1
j2me
    https://en.wikipedia.org/wiki/Java_(programming_language) 1
generated
    https://en.wikipedia.org/wiki/Java_(programming_language) 2
incorporated
    https://en.wikipedia.org/wiki/Java_(programming_language) 1
others
    https://en.wikipedia.org/wiki/Java_(programming_language) 2
nonexistent
    https://en.wikipedia.org/wiki/Java_(programming_language) 1
add
    https://en.wikipedia.org/wiki/Java_(programming_language) 3
gpl
    https://en.wikipedia.org/wiki/Java_(programming_language) 3
making
    https://en.wikipedia.org/wiki/Java_(programming_language) 1
need
    https://en.wikipedia.org/wiki/Java_(programming_language) 2
originally
    https://en.wikipedia.org/wiki/Java_(programming_language) 3
its
    https://en.wikipedia.org/wiki/Java_(programming_language) 10
often
    https://en.wikipedia.org/wiki/Java_(programming_language) 1
users
    https://en.wikipedia.org/wiki/Java_(programming_language) 2
aside
    https://en.wikipedia.org/wiki/Java_(programming_language) 1
http
    https://en.wikipedia.org/wiki/Java_(programming_language) 2
private
    https://en.wikipedia.org/wiki/Java_(programming_language) 1
united
    https://en.wikipedia.org/wiki/Java_(programming_language) 1
provided
    https://en.wikipedia.org/wiki/Java_(programming_language) 1
standardization
    https://en.wikipedia.org/wiki/Java_(programming_language) 1
interface
    https://en.wikipedia.org/wiki/Java_(programming_language) 5
directory
    https://en.wikipedia.org/wiki/Java_(programming_language) 1
representation
    https://en.wikipedia.org/wiki/Java_(programming_language) 1
prevent
    https://en.wikipedia.org/wiki/Java_(programming_language) 2
compiled
    https://en.wikipedia.org/wiki/Java_(programming_language) 5
producing
    https://en.wikipedia.org/wiki/Java_(programming_language) 1
appended
    https://en.wikipedia.org/wiki/Java_(programming_language) 1
provides
    https://en.wikipedia.org/wiki/Java_(programming_language) 7
responsible
    https://en.wikipedia.org/wiki/Java_(programming_language) 1
patrick
    https://en.wikipedia.org/wiki/Java_(programming_language) 1
end
    https://en.wikipedia.org/wiki/Java_(programming_language) 2
compiler
    https://en.wikipedia.org/wiki/Java_(programming_language) 9
laptops
    https://en.wikipedia.org/wiki/Java_(programming_language) 1
compiles
    https://en.wikipedia.org/wiki/Java_(programming_language) 1
citation
    https://en.wikipedia.org/wiki/Java_(programming_language) 2
mobile
    https://en.wikipedia.org/wiki/Java_(programming_language) 2
multiple
    https://en.wikipedia.org/wiki/Java_(programming_language) 8
perform
    https://en.wikipedia.org/wiki/Java_(programming_language) 1
rich
    https://en.wikipedia.org/wiki/Java_(programming_language) 1
label
    https://en.wikipedia.org/wiki/Java_(programming_language) 1
special
    https://en.wikipedia.org/wiki/Java_(programming_language) 1
better
    https://en.wikipedia.org/wiki/Java_(programming_language) 1
args
    https://en.wikipedia.org/wiki/Java_(programming_language) 4
with
    https://en.wikipedia.org/wiki/Java_(programming_language) 36
environment
    https://en.wikipedia.org/wiki/Java_(programming_language) 3
referenced
    https://en.wikipedia.org/wiki/Java_(programming_language) 4
service
    https://en.wikipedia.org/wiki/Java_(programming_language) 4
coffee
    https://en.wikipedia.org/wiki/Java_(programming_language) 1
there
    https://en.wikipedia.org/wiki/Java_(programming_language) 6
syntax
    https://en.wikipedia.org/wiki/Java_(programming_language) 5
well
    https://en.wikipedia.org/wiki/Java_(programming_language) 3
achieved
    https://en.wikipedia.org/wiki/Java_(programming_language) 1
handling
    https://en.wikipedia.org/wiki/Java_(programming_language) 1
personaljava
    https://en.wikipedia.org/wiki/Java_(programming_language) 1
named
    https://en.wikipedia.org/wiki/Java_(programming_language) 2
copyright
    https://en.wikipedia.org/wiki/Java_(programming_language) 1
c++
    https://en.wikipedia.org/wiki/Java_(programming_language) 10
called
    https://en.wikipedia.org/wiki/Java_(programming_language) 15
told
    https://en.wikipedia.org/wiki/Java_(programming_language) 1
executables
    https://en.wikipedia.org/wiki/Java_(programming_language) 1
release
    https://en.wikipedia.org/wiki/Java_(programming_language) 2
configurations
    https://en.wikipedia.org/wiki/Java_(programming_language) 1
considered
    https://en.wikipedia.org/wiki/Java_(programming_language) 1
arithmetic
    https://en.wikipedia.org/wiki/Java_(programming_language) 2
accessed
    https://en.wikipedia.org/wiki/Java_(programming_language) 1
occurs
    https://en.wikipedia.org/wiki/Java_(programming_language) 1
responding
    https://en.wikipedia.org/wiki/Java_(programming_language) 1
number
    https://en.wikipedia.org/wiki/Java_(programming_language) 2
genericservlet
    https://en.wikipedia.org/wiki/Java_(programming_language) 2
centers
    https://en.wikipedia.org/wiki/Java_(programming_language) 1
judge
    https://en.wikipedia.org/wiki/Java_(programming_language) 1
write
    https://en.wikipedia.org/wiki/Java_(programming_language) 4
order
    https://en.wikipedia.org/wiki/Java_(programming_language) 2
cooperation
    https://en.wikipedia.org/wiki/Java_(programming_language) 1
similar
    https://en.wikipedia.org/wiki/Java_(programming_language) 2
went
    https://en.wikipedia.org/wiki/Java_(programming_language) 1
jcomponent
    https://en.wikipedia.org/wiki/Java_(programming_language) 1
corporation
    https://en.wikipedia.org/wiki/Java_(programming_language) 3
programmer
    https://en.wikipedia.org/wiki/Java_(programming_language) 3
specify
    https://en.wikipedia.org/wiki/Java_(programming_language) 1
underlying
    https://en.wikipedia.org/wiki/Java_(programming_language) 1
slowly
    https://en.wikipedia.org/wiki/Java_(programming_language) 1
exit
    https://en.wikipedia.org/wiki/Java_(programming_language) 4
system
    https://en.wikipedia.org/wiki/Java_(programming_language) 11
million
    https://en.wikipedia.org/wiki/Java_(programming_language) 2
even
    https://en.wikipedia.org/wiki/Java_(programming_language) 1
transparency
    https://en.wikipedia.org/wiki/Java_(programming_language) 1
gui
    https://en.wikipedia.org/wiki/Java_(programming_language) 2
other
    https://en.wikipedia.org/wiki/Java_(programming_language) 9
circuit
    https://en.wikipedia.org/wiki/Java_(programming_language) 1
indicated
    https://en.wikipedia.org/wiki/Java_(programming_language) 1
against
    https://en.wikipedia.org/wiki/Java_(programming_language) 1
cms
    https://en.wikipedia.org/wiki/Java_(programming_language) 1
respectively
    https://en.wikipedia.org/wiki/Java_(programming_language) 1
functionality
    https://en.wikipedia.org/wiki/Java_(programming_language) 1
portability
    https://en.wikipedia.org/wiki/Java_(programming_language) 1
top
    https://en.wikipedia.org/wiki/Java_(programming_language) 1
indicates
    https://en.wikipedia.org/wiki/Java_(programming_language) 2
native
    https://en.wikipedia.org/wiki/Java_(programming_language) 3
too
    https://en.wikipedia.org/wiki/Java_(programming_language) 1
have
    https://en.wikipedia.org/wiki/Java_(programming_language) 9
particularly
    https://en.wikipedia.org/wiki/Java_(programming_language) 1
television
    https://en.wikipedia.org/wiki/Java_(programming_language) 2
j2se
    https://en.wikipedia.org/wiki/Java_(programming_language) 3
inconsistent
    https://en.wikipedia.org/wiki/Java_(programming_language) 1
interchangeably
    https://en.wikipedia.org/wiki/Java_(programming_language) 1
framework
    https://en.wikipedia.org/wiki/Java_(programming_language) 1
requiring
    https://en.wikipedia.org/wiki/Java_(programming_language) 1
stored
    https://en.wikipedia.org/wiki/Java_(programming_language) 3
regard
    https://en.wikipedia.org/wiki/Java_(programming_language) 1
attributes
    https://en.wikipedia.org/wiki/Java_(programming_language) 1
francisco
    https://en.wikipedia.org/wiki/Java_(programming_language) 1
environments
    https://en.wikipedia.org/wiki/Java_(programming_language) 3
steward
    https://en.wikipedia.org/wiki/Java_(programming_language) 1
almost
    https://en.wikipedia.org/wiki/Java_(programming_language) 4
modifier
    https://en.wikipedia.org/wiki/Java_(programming_language) 1
prevents
    https://en.wikipedia.org/wiki/Java_(programming_language) 1
implicitly
    https://en.wikipedia.org/wiki/Java_(programming_language) 1
simplifies
    https://en.wikipedia.org/wiki/Java_(programming_language) 1
upon
    https://en.wikipedia.org/wiki/Java_(programming_language) 1
body
    https://en.wikipedia.org/wiki/Java_(programming_language) 1
rmi
    https://en.wikipedia.org/wiki/Java_(programming_language) 1
platforms
    https://en.wikipedia.org/wiki/Java_(programming_language) 8
identical
    https://en.wikipedia.org/wiki/Java_(programming_language) 2
declares
    https://en.wikipedia.org/wiki/Java_(programming_language) 1
pages
    https://en.wikipedia.org/wiki/Java_(programming_language) 4
earlier
    https://en.wikipedia.org/wiki/Java_(programming_language) 1
etc
    https://en.wikipedia.org/wiki/Java_(programming_language) 1
windowconstants
    https://en.wikipedia.org/wiki/Java_(programming_language) 1
members
    https://en.wikipedia.org/wiki/Java_(programming_language) 1
motif
    https://en.wikipedia.org/wiki/Java_(programming_language) 1
cable
    https://en.wikipedia.org/wiki/Java_(programming_language) 1
all
    https://en.wikipedia.org/wiki/Java_(programming_language) 9
always
    https://en.wikipedia.org/wiki/Java_(programming_language) 1
new
    https://en.wikipedia.org/wiki/Java_(programming_language) 5
including
    https://en.wikipedia.org/wiki/Java_(programming_language) 1
void
    https://en.wikipedia.org/wiki/Java_(programming_language) 3
clones
    https://en.wikipedia.org/wiki/Java_(programming_language) 1
lay
    https://en.wikipedia.org/wiki/Java_(programming_language) 1
below
    https://en.wikipedia.org/wiki/Java_(programming_language) 1
already
    https://en.wikipedia.org/wiki/Java_(programming_language) 1
guaranteed
    https://en.wikipedia.org/wiki/Java_(programming_language) 1
basis
    https://en.wikipedia.org/wiki/Java_(programming_language) 2
200
    https://en.wikipedia.org/wiki/Java_(programming_language) 2
rigorous
    https://en.wikipedia.org/wiki/Java_(programming_language) 1
apis
    https://en.wikipedia.org/wiki/Java_(programming_language) 7
remedied
    https://en.wikipedia.org/wiki/Java_(programming_language) 1
were
    https://en.wikipedia.org/wiki/Java_(programming_language) 5
translates
    https://en.wikipedia.org/wiki/Java_(programming_language) 1
specialized
    https://en.wikipedia.org/wiki/Java_(programming_language) 1
became
    https://en.wikipedia.org/wiki/Java_(programming_language) 1
initiated
    https://en.wikipedia.org/wiki/Java_(programming_language) 1
influenced
    https://en.wikipedia.org/wiki/Java_(programming_language) 1
cause
    https://en.wikipedia.org/wiki/Java_(programming_language) 2
times
    https://en.wikipedia.org/wiki/Java_(programming_language) 1
similarly
    https://en.wikipedia.org/wiki/Java_(programming_language) 1
and
    https://en.wikipedia.org/wiki/Java_(programming_language) 99
intended
    https://en.wikipedia.org/wiki/Java_(programming_language) 4
design
    https://en.wikipedia.org/wiki/Java_(programming_language) 3
extra
    https://en.wikipedia.org/wiki/Java_(programming_language) 1
predict
    https://en.wikipedia.org/wiki/Java_(programming_language) 1
universal
    https://en.wikipedia.org/wiki/Java_(programming_language) 1
declared
    https://en.wikipedia.org/wiki/Java_(programming_language) 1
comments
    https://en.wikipedia.org/wiki/Java_(programming_language) 4
automatic
    https://en.wikipedia.org/wiki/Java_(programming_language) 2
bytecodes
    https://en.wikipedia.org/wiki/Java_(programming_language) 1
specific
    https://en.wikipedia.org/wiki/Java_(programming_language) 7
despite
    https://en.wikipedia.org/wiki/Java_(programming_language) 1
any
    https://en.wikipedia.org/wiki/Java_(programming_language) 11
caller
    https://en.wikipedia.org/wiki/Java_(programming_language) 1
application
    https://en.wikipedia.org/wiki/Java_(programming_language) 8
compilation
    https://en.wikipedia.org/wiki/Java_(programming_language) 3
inherited
    https://en.wikipedia.org/wiki/Java_(programming_language) 5
jframe
    https://en.wikipedia.org/wiki/Java_(programming_language) 4
unsigned
    https://en.wikipedia.org/wiki/Java_(programming_language) 2
until
    https://en.wikipedia.org/wiki/Java_(programming_language) 1
machines
    https://en.wikipedia.org/wiki/Java_(programming_language) 1
respond
    https://en.wikipedia.org/wiki/Java_(programming_language) 1
servletresponse
    https://en.wikipedia.org/wiki/Java_(programming_language) 2
renamed
    https://en.wikipedia.org/wiki/Java_(programming_language) 3
extending
    https://en.wikipedia.org/wiki/Java_(programming_language) 1
reversed
    https://en.wikipedia.org/wiki/Java_(programming_language) 1
thought
    https://en.wikipedia.org/wiki/Java_(programming_language) 1
compiling
    https://en.wikipedia.org/wiki/Java_(programming_language) 1
led
    https://en.wikipedia.org/wiki/Java_(programming_language) 1
anywhere
    https://en.wikipedia.org/wiki/Java_(programming_language) 2
deallocated
    https://en.wikipedia.org/wiki/Java_(programming_language) 2
defines
    https://en.wikipedia.org/wiki/Java_(programming_language) 1
companies
    https://en.wikipedia.org/wiki/Java_(programming_language) 2
java
    https://en.wikipedia.org/wiki/Java_(programming_language) 148
recompilation
    https://en.wikipedia.org/wiki/Java_(programming_language) 1
jar
    https://en.wikipedia.org/wiki/Java_(programming_language) 2
let
    https://en.wikipedia.org/wiki/Java_(programming_language) 1
fully
    https://en.wikipedia.org/wiki/Java_(programming_language) 1
defined
    https://en.wikipedia.org/wiki/Java_(programming_language) 3
events
    https://en.wikipedia.org/wiki/Java_(programming_language) 1
pointers
    https://en.wikipedia.org/wiki/Java_(programming_language) 1
element
    https://en.wikipedia.org/wiki/Java_(programming_language) 2
microcontrollers
    https://en.wikipedia.org/wiki/Java_(programming_language) 1
displayed
    https://en.wikipedia.org/wiki/Java_(programming_language) 3
using
    https://en.wikipedia.org/wiki/Java_(programming_language) 8
began
    https://en.wikipedia.org/wiki/Java_(programming_language) 1
containing
    https://en.wikipedia.org/wiki/Java_(programming_language) 2
remain
    https://en.wikipedia.org/wiki/Java_(programming_language) 1
pack
    https://en.wikipedia.org/wiki/Java_(programming_language) 1
each
    https://en.wikipedia.org/wiki/Java_(programming_language) 5
width=
    https://en.wikipedia.org/wiki/Java_(programming_language) 1
creating
    https://en.wikipedia.org/wiki/Java_(programming_language) 1
must
    https://en.wikipedia.org/wiki/Java_(programming_language) 6
styles
    https://en.wikipedia.org/wiki/Java_(programming_language) 1
bytecode
    https://en.wikipedia.org/wiki/Java_(programming_language) 11
feels
    https://en.wikipedia.org/wiki/Java_(programming_language) 1
complexity
    https://en.wikipedia.org/wiki/Java_(programming_language) 1
fqcn
    https://en.wikipedia.org/wiki/Java_(programming_language) 1
another
    https://en.wikipedia.org/wiki/Java_(programming_language) 1
document
    https://en.wikipedia.org/wiki/Java_(programming_language) 1
automatically
    https://en.wikipedia.org/wiki/Java_(programming_language) 2
concurrent
    https://en.wikipedia.org/wiki/Java_(programming_language) 2
facto
    https://en.wikipedia.org/wiki/Java_(programming_language) 2
two
    https://en.wikipedia.org/wiki/Java_(programming_language) 2
default
    https://en.wikipedia.org/wiki/Java_(programming_language) 3
found
    https://en.wikipedia.org/wiki/Java_(programming_language) 1
releasing
    https://en.wikipedia.org/wiki/Java_(programming_language) 1
are
    https://en.wikipedia.org/wiki/Java_(programming_language) 30
does
    https://en.wikipedia.org/wiki/Java_(programming_language) 9
delimiters
    https://en.wikipedia.org/wiki/Java_(programming_language) 3
code=
    https://en.wikipedia.org/wiki/Java_(programming_language) 1
reported
    https://en.wikipedia.org/wiki/Java_(programming_language) 1
structured
    https://en.wikipedia.org/wiki/Java_(programming_language) 1
where
    https://en.wikipedia.org/wiki/Java_(programming_language) 4
attribute
    https://en.wikipedia.org/wiki/Java_(programming_language) 1
mechanism
    https://en.wikipedia.org/wiki/Java_(programming_language) 1
arm
    https://en.wikipedia.org/wiki/Java_(programming_language) 2
graphic
    https://en.wikipedia.org/wiki/Java_(programming_language) 2
popular
    https://en.wikipedia.org/wiki/Java_(programming_language) 4
escape
    https://en.wikipedia.org/wiki/Java_(programming_language) 1
creation
    https://en.wikipedia.org/wiki/Java_(programming_language) 3
latest
    https://en.wikipedia.org/wiki/Java_(programming_language) 1
vice
    https://en.wikipedia.org/wiki/Java_(programming_language) 1
languages
    https://en.wikipedia.org/wiki/Java_(programming_language) 3
lacking
    https://en.wikipedia.org/wiki/Java_(programming_language) 1
declaration
    https://en.wikipedia.org/wiki/Java_(programming_language) 2
jdk
    https://en.wikipedia.org/wiki/Java_(programming_language) 2
call
    https://en.wikipedia.org/wiki/Java_(programming_language) 1
marketing
    https://en.wikipedia.org/wiki/Java_(programming_language) 1
such
    https://en.wikipedia.org/wiki/Java_(programming_language) 10
plugin
    https://en.wikipedia.org/wiki/Java_(programming_language) 1
stringbuilder
    https://en.wikipedia.org/wiki/Java_(programming_language) 1
japplet
    https://en.wikipedia.org/wiki/Java_(programming_language) 7
supported
    https://en.wikipedia.org/wiki/Java_(programming_language) 7
through
    https://en.wikipedia.org/wiki/Java_(programming_language) 5
resulted
    https://en.wikipedia.org/wiki/Java_(programming_language) 1
featured
    https://en.wikipedia.org/wiki/Java_(programming_language) 1
becoming
    https://en.wikipedia.org/wiki/Java_(programming_language) 1
microsystems
    https://en.wikipedia.org/wiki/Java_(programming_language) 8
had
    https://en.wikipedia.org/wiki/Java_(programming_language) 4
run
    https://en.wikipedia.org/wiki/Java_(programming_language) 14
remains
    https://en.wikipedia.org/wiki/Java_(programming_language) 2
source
    https://en.wikipedia.org/wiki/Java_(programming_language) 10
enclosing
    https://en.wikipedia.org/wiki/Java_(programming_language) 1
microsoft
    https://en.wikipedia.org/wiki/Java_(programming_language) 4
individuals
    https://en.wikipedia.org/wiki/Java_(programming_language) 1
secure
    https://en.wikipedia.org/wiki/Java_(programming_language) 1
operator
    https://en.wikipedia.org/wiki/Java_(programming_language) 1
lifecycle
    https://en.wikipedia.org/wiki/Java_(programming_language) 3
features
    https://en.wikipedia.org/wiki/Java_(programming_language) 5
either
    https://en.wikipedia.org/wiki/Java_(programming_language) 4
compile
    https://en.wikipedia.org/wiki/Java_(programming_language) 3
generics
    https://en.wikipedia.org/wiki/Java_(programming_language) 4
has
    https://en.wikipedia.org/wiki/Java_(programming_language) 11
keyword
    https://en.wikipedia.org/wiki/Java_(programming_language) 4
starts
    https://en.wikipedia.org/wiki/Java_(programming_language) 1
ecma
    https://en.wikipedia.org/wiki/Java_(programming_language) 2
acquired
    https://en.wikipedia.org/wiki/Java_(programming_language) 1
those
    https://en.wikipedia.org/wiki/Java_(programming_language) 3
given
    https://en.wikipedia.org/wiki/Java_(programming_language) 1
unreachable
    https://en.wikipedia.org/wiki/Java_(programming_language) 1
insufficient
    https://en.wikipedia.org/wiki/Java_(programming_language) 1
freed
    https://en.wikipedia.org/wiki/Java_(programming_language) 1
technologies
    https://en.wikipedia.org/wiki/Java_(programming_language) 3
longer
    https://en.wikipedia.org/wiki/Java_(programming_language) 4
suited
    https://en.wikipedia.org/wiki/Java_(programming_language) 1
converted
    https://en.wikipedia.org/wiki/Java_(programming_language) 2
sued
    https://en.wikipedia.org/wiki/Java_(programming_language) 1
district
    https://en.wikipedia.org/wiki/Java_(programming_language) 1
name
    https://en.wikipedia.org/wiki/Java_(programming_language) 14
selling
    https://en.wikipedia.org/wiki/Java_(programming_language) 1
page
    https://en.wikipedia.org/wiki/Java_(programming_language) 2
fields
    https://en.wikipedia.org/wiki/Java_(programming_language) 1
parameters
    https://en.wikipedia.org/wiki/Java_(programming_language) 1
full
    https://en.wikipedia.org/wiki/Java_(programming_language) 1
next
    https://en.wikipedia.org/wiki/Java_(programming_language) 1
memory
    https://en.wikipedia.org/wiki/Java_(programming_language) 16
string
    https://en.wikipedia.org/wiki/Java_(programming_language) 17
import
    https://en.wikipedia.org/wiki/Java_(programming_language) 4
hidden
    https://en.wikipedia.org/wiki/Java_(programming_language) 1
classes
    https://en.wikipedia.org/wiki/Java_(programming_language) 19
android
    https://en.wikipedia.org/wiki/Java_(programming_language) 13
aspects
    https://en.wikipedia.org/wiki/Java_(programming_language) 1
description
    https://en.wikipedia.org/wiki/Java_(programming_language) 1
edition
    https://en.wikipedia.org/wiki/Java_(programming_language) 1
non
    https://en.wikipedia.org/wiki/Java_(programming_language) 1
not
    https://en.wikipedia.org/wiki/Java_(programming_language) 19
documenting
    https://en.wikipedia.org/wiki/Java_(programming_language) 1
statement
    https://en.wikipedia.org/wiki/Java_(programming_language) 1
trademark
    https://en.wikipedia.org/wiki/Java_(programming_language) 1
supporting
    https://en.wikipedia.org/wiki/Java_(programming_language) 1
early
    https://en.wikipedia.org/wiki/Java_(programming_language) 1
analogous
    https://en.wikipedia.org/wiki/Java_(programming_language) 1
convention
    https://en.wikipedia.org/wiki/Java_(programming_language) 1
ensures
    https://en.wikipedia.org/wiki/Java_(programming_language) 1
interfaces
    https://en.wikipedia.org/wiki/Java_(programming_language) 4
infringed
    https://en.wikipedia.org/wiki/Java_(programming_language) 1
green
    https://en.wikipedia.org/wiki/Java_(programming_language) 2
was
    https://en.wikipedia.org/wiki/Java_(programming_language) 12
libraries
    https://en.wikipedia.org/wiki/Java_(programming_language) 3
windows
    https://en.wikipedia.org/wiki/Java_(programming_language) 4
derives
    https://en.wikipedia.org/wiki/Java_(programming_language) 1
way
    https://en.wikipedia.org/wiki/Java_(programming_language) 2
generic
    https://en.wikipedia.org/wiki/Java_(programming_language) 2
manage
    https://en.wikipedia.org/wiki/Java_(programming_language) 2
refer
    https://en.wikipedia.org/wiki/Java_(programming_language) 1
spared
    https://en.wikipedia.org/wiki/Java_(programming_language) 1
vulnerabilities
    https://en.wikipedia.org/wiki/Java_(programming_language) 1
initially
    https://en.wikipedia.org/wiki/Java_(programming_language) 2
time
    https://en.wikipedia.org/wiki/Java_(programming_language) 8
window
    https://en.wikipedia.org/wiki/Java_(programming_language) 5
gtk+
    https://en.wikipedia.org/wiki/Java_(programming_language) 1
configurable
    https://en.wikipedia.org/wiki/Java_(programming_language) 1
awt
    https://en.wikipedia.org/wiki/Java_(programming_language) 4
applications
    https://en.wikipedia.org/wiki/Java_(programming_language) 11
container
    https://en.wikipedia.org/wiki/Java_(programming_language) 7
drawstring
    https://en.wikipedia.org/wiki/Java_(programming_language) 1
developers
    https://en.wikipedia.org/wiki/Java_(programming_language) 6
quickly
    https://en.wikipedia.org/wiki/Java_(programming_language) 1
usage
    https://en.wikipedia.org/wiki/Java_(programming_language) 1
deprecated
    https://en.wikipedia.org/wiki/Java_(programming_language) 1
interactive
    https://en.wikipedia.org/wiki/Java_(programming_language) 1
program
    https://en.wikipedia.org/wiki/Java_(programming_language) 14
when
    https://en.wikipedia.org/wiki/Java_(programming_language) 9
three
    https://en.wikipedia.org/wiki/Java_(programming_language) 2
required
    https://en.wikipedia.org/wiki/Java_(programming_language) 2
multi
    https://en.wikipedia.org/wiki/Java_(programming_language) 1
jit
    https://en.wikipedia.org/wiki/Java_(programming_language) 1
largely
    https://en.wikipedia.org/wiki/Java_(programming_language) 2
participating
    https://en.wikipedia.org/wiki/Java_(programming_language) 1
specifically
    https://en.wikipedia.org/wiki/Java_(programming_language) 2
embed
    https://en.wikipedia.org/wiki/Java_(programming_language) 2
case
    https://en.wikipedia.org/wiki/Java_(programming_language) 1
hardware
    https://en.wikipedia.org/wiki/Java_(programming_language) 5
generation
    https://en.wikipedia.org/wiki/Java_(programming_language) 1
identifier
    https://en.wikipedia.org/wiki/Java_(programming_language) 1
item
    https://en.wikipedia.org/wiki/Java_(programming_language) 1
having
    https://en.wikipedia.org/wiki/Java_(programming_language) 2
standalone
    https://en.wikipedia.org/wiki/Java_(programming_language) 1
dates
    https://en.wikipedia.org/wiki/Java_(programming_language) 1
dependencies
    https://en.wikipedia.org/wiki/Java_(programming_language) 1
explicit
    https://en.wikipedia.org/wiki/Java_(programming_language) 1
ships
    https://en.wikipedia.org/wiki/Java_(programming_language) 1
provide
    https://en.wikipedia.org/wiki/Java_(programming_language) 4
allocate
    https://en.wikipedia.org/wiki/Java_(programming_language) 1
style
    https://en.wikipedia.org/wiki/Java_(programming_language) 6
requires
    https://en.wikipedia.org/wiki/Java_(programming_language) 1
primary
    https://en.wikipedia.org/wiki/Java_(programming_language) 2
participation
    https://en.wikipedia.org/wiki/Java_(programming_language) 1
explicitly
    https://en.wikipedia.org/wiki/Java_(programming_language) 4
widget
    https://en.wikipedia.org/wiki/Java_(programming_language) 1
methods
    https://en.wikipedia.org/wiki/Java_(programming_language) 8
enterprise
    https://en.wikipedia.org/wiki/Java_(programming_language) 3
portion
    https://en.wikipedia.org/wiki/Java_(programming_language) 1
pattern
    https://en.wikipedia.org/wiki/Java_(programming_language) 1
direct
    https://en.wikipedia.org/wiki/Java_(programming_language) 3
smart
    https://en.wikipedia.org/wiki/Java_(programming_language) 1
undefined
    https://en.wikipedia.org/wiki/Java_(programming_language) 1
anti
    https://en.wikipedia.org/wiki/Java_(programming_language) 1
1998
    https://en.wikipedia.org/wiki/Java_(programming_language) 2
1997
    https://en.wikipedia.org/wiki/Java_(programming_language) 3
leaks
    https://en.wikipedia.org/wiki/Java_(programming_language) 1
computer
    https://en.wikipedia.org/wiki/Java_(programming_language) 2
openjdk
    https://en.wikipedia.org/wiki/Java_(programming_language) 2
1995
    https://en.wikipedia.org/wiki/Java_(programming_language) 2
low
    https://en.wikipedia.org/wiki/Java_(programming_language) 2
web
    https://en.wikipedia.org/wiki/Java_(programming_language) 11
1991
    https://en.wikipedia.org/wiki/Java_(programming_language) 1
merely
    https://en.wikipedia.org/wiki/Java_(programming_language) 1
architecture
    https://en.wikipedia.org/wiki/Java_(programming_language) 2
enables
    https://en.wikipedia.org/wiki/Java_(programming_language) 1
1999
    https://en.wikipedia.org/wiki/Java_(programming_language) 1
porting
    https://en.wikipedia.org/wiki/Java_(programming_language) 1
means
    https://en.wikipedia.org/wiki/Java_(programming_language) 3
efficient
    https://en.wikipedia.org/wiki/Java_(programming_language) 1
more
    https://en.wikipedia.org/wiki/Java_(programming_language) 6
display
    https://en.wikipedia.org/wiki/Java_(programming_language) 8
consistent
    https://en.wikipedia.org/wiki/Java_(programming_language) 1
ansi
    https://en.wikipedia.org/wiki/Java_(programming_language) 1
naughton
    https://en.wikipedia.org/wiki/Java_(programming_language) 1
january
    https://en.wikipedia.org/wiki/Java_(programming_language) 1
organization
    https://en.wikipedia.org/wiki/Java_(programming_language) 1
width
    https://en.wikipedia.org/wiki/Java_(programming_language) 1
organized
    https://en.wikipedia.org/wiki/Java_(programming_language) 2
momentarily
    https://en.wikipedia.org/wiki/Java_(programming_language) 1
superseded
    https://en.wikipedia.org/wiki/Java_(programming_language) 1
certain
    https://en.wikipedia.org/wiki/Java_(programming_language) 1
small
    https://en.wikipedia.org/wiki/Java_(programming_language) 1
instantiates
    https://en.wikipedia.org/wiki/Java_(programming_language) 2
replace
    https://en.wikipedia.org/wiki/Java_(programming_language) 1
simple
    https://en.wikipedia.org/wiki/Java_(programming_language) 3
section
    https://en.wikipedia.org/wiki/Java_(programming_language) 2
used
    https://en.wikipedia.org/wiki/Java_(programming_language) 10
launched
    https://en.wikipedia.org/wiki/Java_(programming_language) 1
compilers
    https://en.wikipedia.org/wiki/Java_(programming_language) 2
influence
    https://en.wikipedia.org/wiki/Java_(programming_language) 1
looks
    https://en.wikipedia.org/wiki/Java_(programming_language) 1
major
    https://en.wikipedia.org/wiki/Java_(programming_language) 2
few
    https://en.wikipedia.org/wiki/Java_(programming_language) 1
exiting
    https://en.wikipedia.org/wiki/Java_(programming_language) 1
potential
    https://en.wikipedia.org/wiki/Java_(programming_language) 1
combination
    https://en.wikipedia.org/wiki/Java_(programming_language) 1
described
    https://en.wikipedia.org/wiki/Java_(programming_language) 1
marked
    https://en.wikipedia.org/wiki/Java_(programming_language) 1
package
    https://en.wikipedia.org/wiki/Java_(programming_language) 2
jni
    https://en.wikipedia.org/wiki/Java_(programming_language) 1
created
    https://en.wikipedia.org/wiki/Java_(programming_language) 4
tree
    https://en.wikipedia.org/wiki/Java_(programming_language) 1
runtime
    https://en.wikipedia.org/wiki/Java_(programming_language) 7
particular
    https://en.wikipedia.org/wiki/Java_(programming_language) 1
opened
    https://en.wikipedia.org/wiki/Java_(programming_language) 2
history
    https://en.wikipedia.org/wiki/Java_(programming_language) 1
inner
    https://en.wikipedia.org/wiki/Java_(programming_language) 2
exceptions
    https://en.wikipedia.org/wiki/Java_(programming_language) 3
slashes
    https://en.wikipedia.org/wiki/Java_(programming_language) 1
both
    https://en.wikipedia.org/wiki/Java_(programming_language) 1
formal
    https://en.wikipedia.org/wiki/Java_(programming_language) 1
most
    https://en.wikipedia.org/wiki/Java_(programming_language) 3
overloading
    https://en.wikipedia.org/wiki/Java_(programming_language) 1
outside
    https://en.wikipedia.org/wiki/Java_(programming_language) 2
effect
    https://en.wikipedia.org/wiki/Java_(programming_language) 1
creates
    https://en.wikipedia.org/wiki/Java_(programming_language) 3
managing
    https://en.wikipedia.org/wiki/Java_(programming_language) 1
launches
    https://en.wikipedia.org/wiki/Java_(programming_language) 1
applet
    https://en.wikipedia.org/wiki/Java_(programming_language) 15
launcher
    https://en.wikipedia.org/wiki/Java_(programming_language) 2
option
    https://en.wikipedia.org/wiki/Java_(programming_language) 1
request
    https://en.wikipedia.org/wiki/Java_(programming_language) 3
game
    https://en.wikipedia.org/wiki/Java_(programming_language) 1
mike
    https://en.wikipedia.org/wiki/Java_(programming_language) 1
values
    https://en.wikipedia.org/wiki/Java_(programming_language) 1
part
    https://en.wikipedia.org/wiki/Java_(programming_language) 2
determines
    https://en.wikipedia.org/wiki/Java_(programming_language) 1
their
    https://en.wikipedia.org/wiki/Java_(programming_language) 9
alsup
    https://en.wikipedia.org/wiki/Java_(programming_language) 1
jlabel
    https://en.wikipedia.org/wiki/Java_(programming_language) 1
point
    https://en.wikipedia.org/wiki/Java_(programming_language) 2
general
    https://en.wikipedia.org/wiki/Java_(programming_language) 3
alone
    https://en.wikipedia.org/wiki/Java_(programming_language) 1
along
    https://en.wikipedia.org/wiki/Java_(programming_language) 1
parallel
    https://en.wikipedia.org/wiki/Java_(programming_language) 1
browser
    https://en.wikipedia.org/wiki/Java_(programming_language) 4
consoles
    https://en.wikipedia.org/wiki/Java_(programming_language) 1
designed
    https://en.wikipedia.org/wiki/Java_(programming_language) 4
introduction
    https://en.wikipedia.org/wiki/Java_(programming_language) 2
applets
    https://en.wikipedia.org/wiki/Java_(programming_language) 6
san
    https://en.wikipedia.org/wiki/Java_(programming_language) 1
process
    https://en.wikipedia.org/wiki/Java_(programming_language) 7
comply
    https://en.wikipedia.org/wiki/Java_(programming_language) 1
original
    https://en.wikipedia.org/wiki/Java_(programming_language) 2
built
    https://en.wikipedia.org/wiki/Java_(programming_language) 3
alternative
    https://en.wikipedia.org/wiki/Java_(programming_language) 2
also
    https://en.wikipedia.org/wiki/Java_(programming_language) 9
contained
    https://en.wikipedia.org/wiki/Java_(programming_language) 1
third
    https://en.wikipedia.org/wiki/Java_(programming_language) 1
latter
    https://en.wikipedia.org/wiki/Java_(programming_language) 1
approached
    https://en.wikipedia.org/wiki/Java_(programming_language) 1
uses
    https://en.wikipedia.org/wiki/Java_(programming_language) 5
front
    https://en.wikipedia.org/wiki/Java_(programming_language) 1
user
    https://en.wikipedia.org/wiki/Java_(programming_language) 4
simply
    https://en.wikipedia.org/wiki/Java_(programming_language) 1
stack
    https://en.wikipedia.org/wiki/Java_(programming_language) 2
mostly
    https://en.wikipedia.org/wiki/Java_(programming_language) 1
been
    https://en.wikipedia.org/wiki/Java_(programming_language) 7
servlet
    https://en.wikipedia.org/wiki/Java_(programming_language) 8
asterisk
    https://en.wikipedia.org/wiki/Java_(programming_language) 1
mime
    https://en.wikipedia.org/wiki/Java_(programming_language) 1
executing
    https://en.wikipedia.org/wiki/Java_(programming_language) 1
offer
    https://en.wikipedia.org/wiki/Java_(programming_language) 1
bar
    https://en.wikipedia.org/wiki/Java_(programming_language) 2
jre
    https://en.wikipedia.org/wiki/Java_(programming_language) 2
addition
    https://en.wikipedia.org/wiki/Java_(programming_language) 2
happen
    https://en.wikipedia.org/wiki/Java_(programming_language) 1
preventing
    https://en.wikipedia.org/wiki/Java_(programming_language) 1
pass
    https://en.wikipedia.org/wiki/Java_(programming_language) 1
hierarchy
    https://en.wikipedia.org/wiki/Java_(programming_language) 3
documentation
    https://en.wikipedia.org/wiki/Java_(programming_language) 2
profile
    https://en.wikipedia.org/wiki/Java_(programming_language) 1
scavenge
    https://en.wikipedia.org/wiki/Java_(programming_language) 1
active
    https://en.wikipedia.org/wiki/Java_(programming_language) 1
court
    https://en.wikipedia.org/wiki/Java_(programming_language) 2
appends
    https://en.wikipedia.org/wiki/Java_(programming_language) 1
an
    https://en.wikipedia.org/wiki/Java_(programming_language) 35
easy
    https://en.wikipedia.org/wiki/Java_(programming_language) 1
height=
    https://en.wikipedia.org/wiki/Java_(programming_language) 1
as
    https://en.wikipedia.org/wiki/Java_(programming_language) 42
at
    https://en.wikipedia.org/wiki/Java_(programming_language) 7
hoff
    https://en.wikipedia.org/wiki/Java_(programming_language) 1
intermediate
    https://en.wikipedia.org/wiki/Java_(programming_language) 2
sdk
    https://en.wikipedia.org/wiki/Java_(programming_language) 2
setcontenttype
    https://en.wikipedia.org/wiki/Java_(programming_language) 1
optimizations
    https://en.wikipedia.org/wiki/Java_(programming_language) 1
be
    https://en.wikipedia.org/wiki/Java_(programming_language) 30
jsp
    https://en.wikipedia.org/wiki/Java_(programming_language) 2
characteristic
    https://en.wikipedia.org/wiki/Java_(programming_language) 1
javadoc
    https://en.wikipedia.org/wiki/Java_(programming_language) 6
capability
    https://en.wikipedia.org/wiki/Java_(programming_language) 1
see
    https://en.wikipedia.org/wiki/Java_(programming_language) 2
responsibility
    https://en.wikipedia.org/wiki/Java_(programming_language) 1
systems
    https://en.wikipedia.org/wiki/Java_(programming_language) 1
by
    https://en.wikipedia.org/wiki/Java_(programming_language) 38
unlike
    https://en.wikipedia.org/wiki/Java_(programming_language) 2
jtc
    https://en.wikipedia.org/wiki/Java_(programming_language) 1
whom
    https://en.wikipedia.org/wiki/Java_(programming_language) 1
override
    https://en.wikipedia.org/wiki/Java_(programming_language) 1
acquisition
    https://en.wikipedia.org/wiki/Java_(programming_language) 2
licences
    https://en.wikipedia.org/wiki/Java_(programming_language) 1
embedded
    https://en.wikipedia.org/wiki/Java_(programming_language) 2
enabling
    https://en.wikipedia.org/wiki/Java_(programming_language) 1
charge
    https://en.wikipedia.org/wiki/Java_(programming_language) 1
contain
    https://en.wikipedia.org/wiki/Java_(programming_language) 4
set
    https://en.wikipedia.org/wiki/Java_(programming_language) 5
business
    https://en.wikipedia.org/wiki/Java_(programming_language) 1
advent
    https://en.wikipedia.org/wiki/Java_(programming_language) 1
alternate
    https://en.wikipedia.org/wiki/Java_(programming_language) 1
possible
    https://en.wikipedia.org/wiki/Java_(programming_language) 3
familiar
    https://en.wikipedia.org/wiki/Java_(programming_language) 1
right
    https://en.wikipedia.org/wiki/Java_(programming_language) 1
executable
    https://en.wikipedia.org/wiki/Java_(programming_language) 1
appeals
    https://en.wikipedia.org/wiki/Java_(programming_language) 1
withdrew
    https://en.wikipedia.org/wiki/Java_(programming_language) 1
june
    https://en.wikipedia.org/wiki/Java_(programming_language) 1
stage
    https://en.wikipedia.org/wiki/Java_(programming_language) 1
calls
    https://en.wikipedia.org/wiki/Java_(programming_language) 3
under
    https://en.wikipedia.org/wiki/Java_(programming_language) 6
did
    https://en.wikipedia.org/wiki/Java_(programming_language) 3
essential
    https://en.wikipedia.org/wiki/Java_(programming_language) 1
de
    https://en.wikipedia.org/wiki/Java_(programming_language) 2
added
    https://en.wikipedia.org/wiki/Java_(programming_language) 3
javaserver
    https://en.wikipedia.org/wiki/Java_(programming_language) 1
debugger
    https://en.wikipedia.org/wiki/Java_(programming_language) 1
language
    https://en.wikipedia.org/wiki/Java_(programming_language) 16
graphics
    https://en.wikipedia.org/wiki/Java_(programming_language) 4
do
    https://en.wikipedia.org/wiki/Java_(programming_language) 1
developed
    https://en.wikipedia.org/wiki/Java_(programming_language) 3
hold
    https://en.wikipedia.org/wiki/Java_(programming_language) 1
later
    https://en.wikipedia.org/wiki/Java_(programming_language) 4
designated
    https://en.wikipedia.org/wiki/Java_(programming_language) 1
javax
    https://en.wikipedia.org/wiki/Java_(programming_language) 4
prior
    https://en.wikipedia.org/wiki/Java_(programming_language) 2
won
    https://en.wikipedia.org/wiki/Java_(programming_language) 1
legal
    https://en.wikipedia.org/wiki/Java_(programming_language) 3
programming
    https://en.wikipedia.org/wiki/Java_(programming_language) 4
needs
    https://en.wikipedia.org/wiki/Java_(programming_language) 2
ee
    https://en.wikipedia.org/wiki/Java_(programming_language) 4
which
    https://en.wikipedia.org/wiki/Java_(programming_language) 20
jvm
    https://en.wikipedia.org/wiki/Java_(programming_language) 4
us$20
    https://en.wikipedia.org/wiki/Java_(programming_language) 1
relicensed
    https://en.wikipedia.org/wiki/Java_(programming_language) 1
static
    https://en.wikipedia.org/wiki/Java_(programming_language) 9
commonly
    https://en.wikipedia.org/wiki/Java_(programming_language) 2
typically
    https://en.wikipedia.org/wiki/Java_(programming_language) 8
finally
    https://en.wikipedia.org/wiki/Java_(programming_language) 1
2001
    https://en.wikipedia.org/wiki/Java_(programming_language) 1
garbage
    https://en.wikipedia.org/wiki/Java_(programming_language) 10
2000
    https://en.wikipedia.org/wiki/Java_(programming_language) 1
g1
    https://en.wikipedia.org/wiki/Java_(programming_language) 1
publicly
    https://en.wikipedia.org/wiki/Java_(programming_language) 2
browsers
    https://en.wikipedia.org/wiki/Java_(programming_language) 2
unstable
    https://en.wikipedia.org/wiki/Java_(programming_language) 1
never
    https://en.wikipedia.org/wiki/Java_(programming_language) 1
parts
    https://en.wikipedia.org/wiki/Java_(programming_language) 1
containers
    https://en.wikipedia.org/wiki/Java_(programming_language) 1
commenting
    https://en.wikipedia.org/wiki/Java_(programming_language) 2
party
    https://en.wikipedia.org/wiki/Java_(programming_language) 1
frame
    https://en.wikipedia.org/wiki/Java_(programming_language) 5
however
    https://en.wikipedia.org/wiki/Java_(programming_language) 6
some
    https://en.wikipedia.org/wiki/Java_(programming_language) 5
virtual
    https://en.wikipedia.org/wiki/Java_(programming_language) 12
beginning
    https://en.wikipedia.org/wiki/Java_(programming_language) 1
rather
    https://en.wikipedia.org/wiki/Java_(programming_language) 1
optimized
    https://en.wikipedia.org/wiki/Java_(programming_language) 1
2012
    https://en.wikipedia.org/wiki/Java_(programming_language) 2
for
    https://en.wikipedia.org/wiki/Java_(programming_language) 66
2010
    https://en.wikipedia.org/wiki/Java_(programming_language) 2
title
    https://en.wikipedia.org/wiki/Java_(programming_language) 3
content
    https://en.wikipedia.org/wiki/Java_(programming_language) 1
collector
    https://en.wikipedia.org/wiki/Java_(programming_language) 6
states
    https://en.wikipedia.org/wiki/Java_(programming_language) 1
burden
    https://en.wikipedia.org/wiki/Java_(programming_language) 1
2009
    https://en.wikipedia.org/wiki/Java_(programming_language) 1
2007
    https://en.wikipedia.org/wiki/Java_(programming_language) 2
desktop
    https://en.wikipedia.org/wiki/Java_(programming_language) 1
2006
    https://en.wikipedia.org/wiki/Java_(programming_language) 2
related
    https://en.wikipedia.org/wiki/Java_(programming_language) 2
2004
    https://en.wikipedia.org/wiki/Java_(programming_language) 1
oak
    https://en.wikipedia.org/wiki/Java_(programming_language) 2
client
    https://en.wikipedia.org/wiki/Java_(programming_language) 5
foss
    https://en.wikipedia.org/wiki/Java_(programming_language) 1
passed
    https://en.wikipedia.org/wiki/Java_(programming_language) 5
featuring
    https://en.wikipedia.org/wiki/Java_(programming_language) 1
class
    https://en.wikipedia.org/wiki/Java_(programming_language) 49
pixel
    https://en.wikipedia.org/wiki/Java_(programming_language) 2
just
    https://en.wikipedia.org/wiki/Java_(programming_language) 2
digital
    https://en.wikipedia.org/wiki/Java_(programming_language) 1
owner
    https://en.wikipedia.org/wiki/Java_(programming_language) 1
directed
    https://en.wikipedia.org/wiki/Java_(programming_language) 1
jury
    https://en.wikipedia.org/wiki/Java_(programming_language) 1
specification
    https://en.wikipedia.org/wiki/Java_(programming_language) 1
strictly
    https://en.wikipedia.org/wiki/Java_(programming_language) 1
existing
    https://en.wikipedia.org/wiki/Java_(programming_language) 1
print
    https://en.wikipedia.org/wiki/Java_(programming_language) 1
formalize
    https://en.wikipedia.org/wiki/Java_(programming_language) 1
although
    https://en.wikipedia.org/wiki/Java_(programming_language) 5
relocate
    https://en.wikipedia.org/wiki/Java_(programming_language) 1
2016
    https://en.wikipedia.org/wiki/Java_(programming_language) 1
form
    https://en.wikipedia.org/wiki/Java_(programming_language) 1
management
    https://en.wikipedia.org/wiki/Java_(programming_language) 3
2015
    https://en.wikipedia.org/wiki/Java_(programming_language) 1
2014
    https://en.wikipedia.org/wiki/Java_(programming_language) 1
servlets
    https://en.wikipedia.org/wiki/Java_(programming_language) 1
comprehensive
    https://en.wikipedia.org/wiki/Java_(programming_language) 1
significantly
    https://en.wikipedia.org/wiki/Java_(programming_language) 1
subset
    https://en.wikipedia.org/wiki/Java_(programming_language) 1
president
    https://en.wikipedia.org/wiki/Java_(programming_language) 1
qualified
    https://en.wikipedia.org/wiki/Java_(programming_language) 1
triggered
    https://en.wikipedia.org/wiki/Java_(programming_language) 1
placed
    https://en.wikipedia.org/wiki/Java_(programming_language) 1
advanced
    https://en.wikipedia.org/wiki/Java_(programming_language) 1
deallocate
    https://en.wikipedia.org/wiki/Java_(programming_language) 2
dropped
    https://en.wikipedia.org/wiki/Java_(programming_language) 1
j2
    https://en.wikipedia.org/wiki/Java_(programming_language) 1
soon
    https://en.wikipedia.org/wiki/Java_(programming_language) 2
improved
    https://en.wikipedia.org/wiki/Java_(programming_language) 1
tablet
    https://en.wikipedia.org/wiki/Java_(programming_language) 1
corner
    https://en.wikipedia.org/wiki/Java_(programming_language) 1
william
    https://en.wikipedia.org/wiki/Java_(programming_language) 1
four
    https://en.wikipedia.org/wiki/Java_(programming_language) 1
context
    https://en.wikipedia.org/wiki/Java_(programming_language) 2
model
    https://en.wikipedia.org/wiki/Java_(programming_language) 1
assertions
    https://en.wikipedia.org/wiki/Java_(programming_language) 1
whereas
    https://en.wikipedia.org/wiki/Java_(programming_language) 1
usually
    https://en.wikipedia.org/wiki/Java_(programming_language) 2
text
    https://en.wikipedia.org/wiki/Java_(programming_language) 1
if
    https://en.wikipedia.org/wiki/Java_(programming_language) 9
validation
    https://en.wikipedia.org/wiki/Java_(programming_language) 1
likely
    https://en.wikipedia.org/wiki/Java_(programming_language) 1
large
    https://en.wikipedia.org/wiki/Java_(programming_language) 2
in
    https://en.wikipedia.org/wiki/Java_(programming_language) 73
io
    https://en.wikipedia.org/wiki/Java_(programming_language) 1
made
    https://en.wikipedia.org/wiki/Java_(programming_language) 1
stall
    https://en.wikipedia.org/wiki/Java_(programming_language) 1
is
    https://en.wikipedia.org/wiki/Java_(programming_language) 93
being
    https://en.wikipedia.org/wiki/Java_(programming_language) 1
it
    https://en.wikipedia.org/wiki/Java_(programming_language) 28
loading
    https://en.wikipedia.org/wiki/Java_(programming_language) 1
distributions
    https://en.wikipedia.org/wiki/Java_(programming_language) 1
traditional
    https://en.wikipedia.org/wiki/Java_(programming_language) 1
operate
    https://en.wikipedia.org/wiki/Java_(programming_language) 1
field
    https://en.wikipedia.org/wiki/Java_(programming_language) 1
contents
    https://en.wikipedia.org/wiki/Java_(programming_language) 1
exclusively
    https://en.wikipedia.org/wiki/Java_(programming_language) 1
hello
    https://en.wikipedia.org/wiki/Java_(programming_language) 16
jsps
    https://en.wikipedia.org/wiki/Java_(programming_language) 1
status
    https://en.wikipedia.org/wiki/Java_(programming_language) 1
become
    https://en.wikipedia.org/wiki/Java_(programming_language) 1
server
    https://en.wikipedia.org/wiki/Java_(programming_language) 8
recovering
    https://en.wikipedia.org/wiki/Java_(programming_language) 1
works
    https://en.wikipedia.org/wiki/Java_(programming_language) 1
clients
    https://en.wikipedia.org/wiki/Java_(programming_language) 2
enforcing
    https://en.wikipedia.org/wiki/Java_(programming_language) 1
operates
    https://en.wikipedia.org/wiki/Java_(programming_language) 1
appending
    https://en.wikipedia.org/wiki/Java_(programming_language) 1
mac
    https://en.wikipedia.org/wiki/Java_(programming_language) 2
settlement
    https://en.wikipedia.org/wiki/Java_(programming_language) 1
products
    https://en.wikipedia.org/wiki/Java_(programming_language) 1
file
    https://en.wikipedia.org/wiki/Java_(programming_language) 11
world
    https://en.wikipedia.org/wiki/Java_(programming_language) 6
library
    https://en.wikipedia.org/wiki/Java_(programming_language) 8
known
    https://en.wikipedia.org/wiki/Java_(programming_language) 2
stream
    https://en.wikipedia.org/wiki/Java_(programming_language) 1
december
    https://en.wikipedia.org/wiki/Java_(programming_language) 1
ability
    https://en.wikipedia.org/wiki/Java_(programming_language) 1
everything
    https://en.wikipedia.org/wiki/Java_(programming_language) 1
stand
    https://en.wikipedia.org/wiki/Java_(programming_language) 1
implementations
    https://en.wikipedia.org/wiki/Java_(programming_language) 6
side
    https://en.wikipedia.org/wiki/Java_(programming_language) 4
may
    https://en.wikipedia.org/wiki/Java_(programming_language) 13
supplied
    https://en.wikipedia.org/wiki/Java_(programming_language) 1
within
    https://en.wikipedia.org/wiki/Java_(programming_language) 1
forward
    https://en.wikipedia.org/wiki/Java_(programming_language) 1
could
    https://en.wikipedia.org/wiki/Java_(programming_language) 1
lacks
    https://en.wikipedia.org/wiki/Java_(programming_language) 1
overrides
    https://en.wikipedia.org/wiki/Java_(programming_language) 2
draw
    https://en.wikipedia.org/wiki/Java_(programming_language) 1
off
    https://en.wikipedia.org/wiki/Java_(programming_language) 1
machine
    https://en.wikipedia.org/wiki/Java_(programming_language) 18
facilities
    https://en.wikipedia.org/wiki/Java_(programming_language) 1
return
    https://en.wikipedia.org/wiki/Java_(programming_language) 1
conscious
    https://en.wikipedia.org/wiki/Java_(programming_language) 1
instance
    https://en.wikipedia.org/wiki/Java_(programming_language) 4
subject
    https://en.wikipedia.org/wiki/Java_(programming_language) 1
use
    https://en.wikipedia.org/wiki/Java_(programming_language) 12
certify
    https://en.wikipedia.org/wiki/Java_(programming_language) 1
several
    https://en.wikipedia.org/wiki/Java_(programming_language) 1
feel
    https://en.wikipedia.org/wiki/Java_(programming_language) 3
inheritance
    https://en.wikipedia.org/wiki/Java_(programming_language) 2
main
    https://en.wikipedia.org/wiki/Java_(programming_language) 12
networking
    https://en.wikipedia.org/wiki/Java_(programming_language) 1
office
    https://en.wikipedia.org/wiki/Java_(programming_language) 1
integer
    https://en.wikipedia.org/wiki/Java_(programming_language) 1
supercomputers
    https://en.wikipedia.org/wiki/Java_(programming_language) 1
suffix
    https://en.wikipedia.org/wiki/Java_(programming_language) 1
while
    https://en.wikipedia.org/wiki/Java_(programming_language) 3
that
    https://en.wikipedia.org/wiki/Java_(programming_language) 48
copyrighted
    https://en.wikipedia.org/wiki/Java_(programming_language) 2
revenue
    https://en.wikipedia.org/wiki/Java_(programming_language) 1
find
    https://en.wikipedia.org/wiki/Java_(programming_language) 1
than
    https://en.wikipedia.org/wiki/Java_(programming_language) 5
sufficient
    https://en.wikipedia.org/wiki/Java_(programming_language) 1
host
    https://en.wikipedia.org/wiki/Java_(programming_language) 4
me
    https://en.wikipedia.org/wiki/Java_(programming_language) 2
relentless
    https://en.wikipedia.org/wiki/Java_(programming_language) 1
criticisms
    https://en.wikipedia.org/wiki/Java_(programming_language) 1
directly
    https://en.wikipedia.org/wiki/Java_(programming_language) 2
international
    https://en.wikipedia.org/wiki/Java_(programming_language) 2
different
    https://en.wikipedia.org/wiki/Java_(programming_language) 9
regardless
    https://en.wikipedia.org/wiki/Java_(programming_language) 1
selected
    https://en.wikipedia.org/wiki/Java_(programming_language) 1
semantically
    https://en.wikipedia.org/wiki/Java_(programming_language) 1
ideal
    https://en.wikipedia.org/wiki/Java_(programming_language) 1
level
    https://en.wikipedia.org/wiki/Java_(programming_language) 4
accepts
    https://en.wikipedia.org/wiki/Java_(programming_language) 1
occur
    https://en.wikipedia.org/wiki/Java_(programming_language) 2
thrown
    https://en.wikipedia.org/wiki/Java_(programming_language) 1
difficult
    https://en.wikipedia.org/wiki/Java_(programming_language) 1
restrictions
    https://en.wikipedia.org/wiki/Java_(programming_language) 1
ideas
    https://en.wikipedia.org/wiki/Java_(programming_language) 1
includes
    https://en.wikipedia.org/wiki/Java_(programming_language) 2
throws
    https://en.wikipedia.org/wiki/Java_(programming_language) 1
chosen
    https://en.wikipedia.org/wiki/Java_(programming_language) 1
becomes
    https://en.wikipedia.org/wiki/Java_(programming_language) 1
relevant
    https://en.wikipedia.org/wiki/Java_(programming_language) 1
license
    https://en.wikipedia.org/wiki/Java_(programming_language) 4
collectors
    https://en.wikipedia.org/wiki/Java_(programming_language) 2
null
    https://en.wikipedia.org/wiki/Java_(programming_language) 1
true
    https://en.wikipedia.org/wiki/Java_(programming_language) 2
oriented
    https://en.wikipedia.org/wiki/Java_(programming_language) 4
helloworldapp
    https://en.wikipedia.org/wiki/Java_(programming_language) 2
errors
    https://en.wikipedia.org/wiki/Java_(programming_language) 2
since
    https://en.wikipedia.org/wiki/Java_(programming_language) 2
behind
    https://en.wikipedia.org/wiki/Java_(programming_language) 1
no
    https://en.wikipedia.org/wiki/Java_(programming_language) 7
code
    https://en.wikipedia.org/wiki/Java_(programming_language) 21
belong
    https://en.wikipedia.org/wiki/Java_(programming_language) 1
sheridan
    https://en.wikipedia.org/wiki/Java_(programming_language) 1
pairings
    https://en.wikipedia.org/wiki/Java_(programming_language) 1
println
    https://en.wikipedia.org/wiki/Java_(programming_language) 2
evangelist
    https://en.wikipedia.org/wiki/Java_(programming_language) 1
setdefaultcloseoperation
    https://en.wikipedia.org/wiki/Java_(programming_language) 1
of
    https://en.wikipedia.org/wiki/Java_(programming_language) 116
heap
    https://en.wikipedia.org/wiki/Java_(programming_language) 4
make
    https://en.wikipedia.org/wiki/Java_(programming_language) 3
included
    https://en.wikipedia.org/wiki/Java_(programming_language) 1
unofficial
    https://en.wikipedia.org/wiki/Java_(programming_language) 1
allocated
    https://en.wikipedia.org/wiki/Java_(programming_language) 2
on
    https://en.wikipedia.org/wiki/Java_(programming_language) 25
allows
    https://en.wikipedia.org/wiki/Java_(programming_language) 6
execution
    https://en.wikipedia.org/wiki/Java_(programming_language) 1
designers
    https://en.wikipedia.org/wiki/Java_(programming_language) 1
opposed
    https://en.wikipedia.org/wiki/Java_(programming_language) 1
or
    https://en.wikipedia.org/wiki/Java_(programming_language) 17
os
    https://en.wikipedia.org/wiki/Java_(programming_language) 2
control
    https://en.wikipedia.org/wiki/Java_(programming_language) 5
thread
    https://en.wikipedia.org/wiki/Java_(programming_language) 2
segmented
    https://en.wikipedia.org/wiki/Java_(programming_language) 1
editions
    https://en.wikipedia.org/wiki/Java_(programming_language) 1
writer
    https://en.wikipedia.org/wiki/Java_(programming_language) 1
handler
    https://en.wikipedia.org/wiki/Java_(programming_language) 1
interpreting
    https://en.wikipedia.org/wiki/Java_(programming_language) 1
upper
    https://en.wikipedia.org/wiki/Java_(programming_language) 1
dalvik
    https://en.wikipedia.org/wiki/Java_(programming_language) 1
stood
    https://en.wikipedia.org/wiki/Java_(programming_language) 1
promised
    https://en.wikipedia.org/wiki/Java_(programming_language) 1
crash
    https://en.wikipedia.org/wiki/Java_(programming_language) 1
accessing
    https://en.wikipedia.org/wiki/Java_(programming_language) 1
meaning
    https://en.wikipedia.org/wiki/Java_(programming_language) 1
<applet>
    https://en.wikipedia.org/wiki/Java_(programming_language) 1
drawing
    https://en.wikipedia.org/wiki/Java_(programming_language) 1
programmers
    https://en.wikipedia.org/wiki/Java_(programming_language) 2
brand
    https://en.wikipedia.org/wiki/Java_(programming_language) 1
they
    https://en.wikipedia.org/wiki/Java_(programming_language) 3
released
    https://en.wikipedia.org/wiki/Java_(programming_language) 5
height
    https://en.wikipedia.org/wiki/Java_(programming_language) 1
goals
    https://en.wikipedia.org/wiki/Java_(programming_language) 1
10
    https://en.wikipedia.org/wiki/Java_(programming_language) 1
based
    https://en.wikipedia.org/wiki/Java_(programming_language) 4
pointer
    https://en.wikipedia.org/wiki/Java_(programming_language) 2
13
    https://en.wikipedia.org/wiki/Java_(programming_language) 2
14
    https://en.wikipedia.org/wiki/Java_(programming_language) 1
15
    https://en.wikipedia.org/wiki/Java_(programming_language) 3
16
    https://en.wikipedia.org/wiki/Java_(programming_language) 1
17
    https://en.wikipedia.org/wiki/Java_(programming_language) 1
18
    https://en.wikipedia.org/wiki/Java_(programming_language) 1
19
    https://en.wikipedia.org/wiki/Java_(programming_language) 1
them
    https://en.wikipedia.org/wiki/Java_(programming_language) 1
then
    https://en.wikipedia.org/wiki/Java_(programming_language) 4
portable
    https://en.wikipedia.org/wiki/Java_(programming_language) 1
something
    https://en.wikipedia.org/wiki/Java_(programming_language) 1
accept
    https://en.wikipedia.org/wiki/Java_(programming_language) 1
appletcontext
    https://en.wikipedia.org/wiki/Java_(programming_language) 1
pillar
    https://en.wikipedia.org/wiki/Java_(programming_language) 1
re
    https://en.wikipedia.org/wiki/Java_(programming_language) 1
invoked
    https://en.wikipedia.org/wiki/Java_(programming_language) 2
programs
    https://en.wikipedia.org/wiki/Java_(programming_language) 8
interpreted
    https://en.wikipedia.org/wiki/Java_(programming_language) 1
starting
    https://en.wikipedia.org/wiki/Java_(programming_language) 1
20
    https://en.wikipedia.org/wiki/Java_(programming_language) 1
21
    https://en.wikipedia.org/wiki/Java_(programming_language) 1
22
    https://en.wikipedia.org/wiki/Java_(programming_language) 1
checking
    https://en.wikipedia.org/wiki/Java_(programming_language) 1
23
    https://en.wikipedia.org/wiki/Java_(programming_language) 1
components
    https://en.wikipedia.org/wiki/Java_(programming_language) 2
24
    https://en.wikipedia.org/wiki/Java_(programming_language) 1
access
    https://en.wikipedia.org/wiki/Java_(programming_language) 7
25
    https://en.wikipedia.org/wiki/Java_(programming_language) 1
primitive
    https://en.wikipedia.org/wiki/Java_(programming_language) 3
26
    https://en.wikipedia.org/wiki/Java_(programming_language) 1
27
    https://en.wikipedia.org/wiki/Java_(programming_language) 2
28
    https://en.wikipedia.org/wiki/Java_(programming_language) 1
29
    https://en.wikipedia.org/wiki/Java_(programming_language) 1
industry
    https://en.wikipedia.org/wiki/Java_(programming_language) 1
executed
    https://en.wikipedia.org/wiki/Java_(programming_language) 3
sun
    https://en.wikipedia.org/wiki/Java_(programming_language) 29
long
    https://en.wikipedia.org/wiki/Java_(programming_language) 1
into
    https://en.wikipedia.org/wiki/Java_(programming_language) 5
se
    https://en.wikipedia.org/wiki/Java_(programming_language) 8
current
    https://en.wikipedia.org/wiki/Java_(programming_language) 2
managed
    https://en.wikipedia.org/wiki/Java_(programming_language) 1
supports
    https://en.wikipedia.org/wiki/Java_(programming_language) 1
operating
    https://en.wikipedia.org/wiki/Java_(programming_language) 4
free
    https://en.wikipedia.org/wiki/Java_(programming_language) 4
so
    https://en.wikipedia.org/wiki/Java_(programming_language) 2
30
    https://en.wikipedia.org/wiki/Java_(programming_language) 1
preferred
    https://en.wikipedia.org/wiki/Java_(programming_language) 1
key
    https://en.wikipedia.org/wiki/Java_(programming_language) 1
31
    https://en.wikipedia.org/wiki/Java_(programming_language) 2
32
    https://en.wikipedia.org/wiki/Java_(programming_language) 1
33
    https://en.wikipedia.org/wiki/Java_(programming_language) 1
34
    https://en.wikipedia.org/wiki/Java_(programming_language) 1
variables
    https://en.wikipedia.org/wiki/Java_(programming_language) 1
35
    https://en.wikipedia.org/wiki/Java_(programming_language) 1
36
    https://en.wikipedia.org/wiki/Java_(programming_language) 1
though
    https://en.wikipedia.org/wiki/Java_(programming_language) 1
decision
    https://en.wikipedia.org/wiki/Java_(programming_language) 1
37
    https://en.wikipedia.org/wiki/Java_(programming_language) 1
38
    https://en.wikipedia.org/wiki/Java_(programming_language) 1
39
    https://en.wikipedia.org/wiki/Java_(programming_language) 1
one
    https://en.wikipedia.org/wiki/Java_(programming_language) 7
makes
    https://en.wikipedia.org/wiki/Java_(programming_language) 2
launch
    https://en.wikipedia.org/wiki/Java_(programming_language) 1
started
    https://en.wikipedia.org/wiki/Java_(programming_language) 1
denotes
    https://en.wikipedia.org/wiki/Java_(programming_language) 1
many
    https://en.wikipedia.org/wiki/Java_(programming_language) 4
ideally
    https://en.wikipedia.org/wiki/Java_(programming_language) 1
actually
    https://en.wikipedia.org/wiki/Java_(programming_language) 1
controlled
    https://en.wikipedia.org/wiki/Java_(programming_language) 2
single
    https://en.wikipedia.org/wiki/Java_(programming_language) 2
face
    https://en.wikipedia.org/wiki/Java_(programming_language) 1
getwriter
    https://en.wikipedia.org/wiki/Java_(programming_language) 1
associated
    https://en.wikipedia.org/wiki/Java_(programming_language) 1
closed
    https://en.wikipedia.org/wiki/Java_(programming_language) 3
holds
    https://en.wikipedia.org/wiki/Java_(programming_language) 1
to
    https://en.wikipedia.org/wiki/Java_(programming_language) 115
40
    https://en.wikipedia.org/wiki/Java_(programming_language) 1
operation
    https://en.wikipedia.org/wiki/Java_(programming_language) 1
41
    https://en.wikipedia.org/wiki/Java_(programming_language) 1
open
    https://en.wikipedia.org/wiki/Java_(programming_language) 3
partially
    https://en.wikipedia.org/wiki/Java_(programming_language) 1
reimplementation
    https://en.wikipedia.org/wiki/Java_(programming_language) 1
42
    https://en.wikipedia.org/wiki/Java_(programming_language) 1
43
    https://en.wikipedia.org/wiki/Java_(programming_language) 1
but
    https://en.wikipedia.org/wiki/Java_(programming_language) 10
44
    https://en.wikipedia.org/wiki/Java_(programming_language) 1
45
    https://en.wikipedia.org/wiki/Java_(programming_language) 1
commercial
    https://en.wikipedia.org/wiki/Java_(programming_language) 1
46
    https://en.wikipedia.org/wiki/Java_(programming_language) 1
47
    https://en.wikipedia.org/wiki/Java_(programming_language) 1
declare
    https://en.wikipedia.org/wiki/Java_(programming_language) 1
separate
    https://en.wikipedia.org/wiki/Java_(programming_language) 2
48
    https://en.wikipedia.org/wiki/Java_(programming_language) 1
49
    https://en.wikipedia.org/wiki/Java_(programming_language) 1
available
    https://en.wikipedia.org/wiki/Java_(programming_language) 4
numbers
    https://en.wikipedia.org/wiki/Java_(programming_language) 2
reputation
    https://en.wikipedia.org/wiki/Java_(programming_language) 1
project
    https://en.wikipedia.org/wiki/Java_(programming_language) 2
inside
    https://en.wikipedia.org/wiki/Java_(programming_language) 3
aqua
    https://en.wikipedia.org/wiki/Java_(programming_language) 1
apache
    https://en.wikipedia.org/wiki/Java_(programming_language) 1
whenever
    https://en.wikipedia.org/wiki/Java_(programming_language) 1
ruled
    https://en.wikipedia.org/wiki/Java_(programming_language) 1
aids
    https://en.wikipedia.org/wiki/Java_(programming_language) 1
written
    https://en.wikipedia.org/wiki/Java_(programming_language) 9
50
    https://en.wikipedia.org/wiki/Java_(programming_language) 1
51
    https://en.wikipedia.org/wiki/Java_(programming_language) 1
five
    https://en.wikipedia.org/wiki/Java_(programming_language) 1
generate
    https://en.wikipedia.org/wiki/Java_(programming_language) 3
52
    https://en.wikipedia.org/wiki/Java_(programming_language) 1
53
    https://en.wikipedia.org/wiki/Java_(programming_language) 1
54
    https://en.wikipedia.org/wiki/Java_(programming_language) 1
55
    https://en.wikipedia.org/wiki/Java_(programming_language) 1
dispatching
    https://en.wikipedia.org/wiki/Java_(programming_language) 2
56
    https://en.wikipedia.org/wiki/Java_(programming_language) 1
treated
    https://en.wikipedia.org/wiki/Java_(programming_language) 1
oracle
    https://en.wikipedia.org/wiki/Java_(programming_language) 14
this
    https://en.wikipedia.org/wiki/Java_(programming_language) 22
constructor
    https://en.wikipedia.org/wiki/Java_(programming_language) 2
collection
    https://en.wikipedia.org/wiki/Java_(programming_language) 2
look
    https://en.wikipedia.org/wiki/Java_(programming_language) 3
extends
    https://en.wikipedia.org/wiki/Java_(programming_language) 3
once
    https://en.wikipedia.org/wiki/Java_(programming_language) 6
pluggable
    https://en.wikipedia.org/wiki/Java_(programming_language) 1
vm
    https://en.wikipedia.org/wiki/Java_(programming_language) 3
60
    https://en.wikipedia.org/wiki/Java_(programming_language) 1
support
    https://en.wikipedia.org/wiki/Java_(programming_language) 10
subclasses
    https://en.wikipedia.org/wiki/Java_(programming_language) 1
insists
    https://en.wikipedia.org/wiki/Java_(programming_language) 1
65
    https://en.wikipedia.org/wiki/Java_(programming_language) 1
allow
    https://en.wikipedia.org/wiki/Java_(programming_language) 1
implements
    https://en.wikipedia.org/wiki/Java_(programming_language) 1
installed
    https://en.wikipedia.org/wiki/Java_(programming_language) 1
jazelle
    https://en.wikipedia.org/wiki/Java_(programming_language) 1
reasons
    https://en.wikipedia.org/wiki/Java_(programming_language) 2
lawsuit
    https://en.wikipedia.org/wiki/Java_(programming_language) 1
needed
    https://en.wikipedia.org/wiki/Java_(programming_language) 4
iec
    https://en.wikipedia.org/wiki/Java_(programming_language) 2
update
    https://en.wikipedia.org/wiki/Java_(programming_language) 1
modifiers
    https://en.wikipedia.org/wiki/Java_(programming_language) 1
resides
    https://en.wikipedia.org/wiki/Java_(programming_language) 1
speed
    https://en.wikipedia.org/wiki/Java_(programming_language) 2
printf
    https://en.wikipedia.org/wiki/Java_(programming_language) 1
printstream
    https://en.wikipedia.org/wiki/Java_(programming_language) 1
apple
    https://en.wikipedia.org/wiki/Java_(programming_language) 1
proprietary
    https://en.wikipedia.org/wiki/Java_(programming_language) 2
linux
    https://en.wikipedia.org/wiki/Java_(programming_language) 2
kit
    https://en.wikipedia.org/wiki/Java_(programming_language) 1
disposed
    https://en.wikipedia.org/wiki/Java_(programming_language) 2
every
    https://en.wikipedia.org/wiki/Java_(programming_language) 1
normal
    https://en.wikipedia.org/wiki/Java_(programming_language) 1
types
    https://en.wikipedia.org/wiki/Java_(programming_language) 6
classpath
    https://en.wikipedia.org/wiki/Java_(programming_language) 1
recently
    https://en.wikipedia.org/wiki/Java_(programming_language) 1
technology
    https://en.wikipedia.org/wiki/Java_(programming_language) 2
xp
    https://en.wikipedia.org/wiki/Java_(programming_language) 1
step
    https://en.wikipedia.org/wiki/Java_(programming_language) 1
paintcomponent
    https://en.wikipedia.org/wiki/Java_(programming_language) 4
passing
    https://en.wikipedia.org/wiki/Java_(programming_language) 2
mark
    https://en.wikipedia.org/wiki/Java_(programming_language) 1
software
    https://en.wikipedia.org/wiki/Java_(programming_language) 9
graphical
    https://en.wikipedia.org/wiki/Java_(programming_language) 3
claimed
    https://en.wikipedia.org/wiki/Java_(programming_language) 1
processors
    https://en.wikipedia.org/wiki/Java_(programming_language) 1
during
    https://en.wikipedia.org/wiki/Java_(programming_language) 1
type
    https://en.wikipedia.org/wiki/Java_(programming_language) 5
april
    https://en.wikipedia.org/wiki/Java_(programming_language) 1
integers
    https://en.wikipedia.org/wiki/Java_(programming_language) 3
subtypes
    https://en.wikipedia.org/wiki/Java_(programming_language) 1
compatible
    https://en.wikipedia.org/wiki/Java_(programming_language) 2
problem
    https://en.wikipedia.org/wiki/Java_(programming_language) 3
terms
    https://en.wikipedia.org/wiki/Java_(programming_language) 3
safety
    https://en.wikipedia.org/wiki/Java_(programming_language) 2
superclass
    https://en.wikipedia.org/wiki/Java_(programming_language) 5
90
    https://en.wikipedia.org/wiki/Java_(programming_language) 1
presence
    https://en.wikipedia.org/wiki/Java_(programming_language) 1
95
    https://en.wikipedia.org/wiki/Java_(programming_language) 1
between
    https://en.wikipedia.org/wiki/Java_(programming_language) 1
attempts
    https://en.wikipedia.org/wiki/Java_(programming_language) 1
still
    https://en.wikipedia.org/wiki/Java_(programming_language) 5
van
    https://en.wikipedia.org/wiki/Java_(programming_language) 1
goal
    https://en.wikipedia.org/wiki/Java_(programming_language) 2
method
    https://en.wikipedia.org/wiki/Java_(programming_language) 31
overhead
    https://en.wikipedia.org/wiki/Java_(programming_language) 2
icedtea
    https://en.wikipedia.org/wiki/Java_(programming_language) 1
wora
    https://en.wikipedia.org/wiki/Java_(programming_language) 2
filing
    https://en.wikipedia.org/wiki/Java_(programming_language) 1
itself
    https://en.wikipedia.org/wiki/Java_(programming_language) 4
concatenation
    https://en.wikipedia.org/wiki/Java_(programming_language) 1
versions
    https://en.wikipedia.org/wiki/Java_(programming_language) 5
following
    https://en.wikipedia.org/wiki/Java_(programming_language) 2
terminate
    https://en.wikipedia.org/wiki/Java_(programming_language) 2
specifies
    https://en.wikipedia.org/wiki/Java_(programming_language) 1
hotspot
    https://en.wikipedia.org/wiki/Java_(programming_language) 3
james
    https://en.wikipedia.org/wiki/Java_(programming_language) 3
requests
    https://en.wikipedia.org/wiki/Java_(programming_language) 4
distribution
    https://en.wikipedia.org/wiki/Java_(programming_language) 1
tools
    https://en.wikipedia.org/wiki/Java_(programming_language) 1
specified
    https://en.wikipedia.org/wiki/Java_(programming_language) 1
out
    https://en.wikipedia.org/wiki/Java_(programming_language) 4
leak
    https://en.wikipedia.org/wiki/Java_(programming_language) 2
installation
    https://en.wikipedia.org/wiki/Java_(programming_language) 1
causes
    https://en.wikipedia.org/wiki/Java_(programming_language) 3
federal
    https://en.wikipedia.org/wiki/Java_(programming_language) 1
initialized
    https://en.wikipedia.org/wiki/Java_(programming_language) 1
event
    https://en.wikipedia.org/wiki/Java_(programming_language) 2
include
    https://en.wikipedia.org/wiki/Java_(programming_language) 5
dispute
    https://en.wikipedia.org/wiki/Java_(programming_language) 2
initializes
    https://en.wikipedia.org/wiki/Java_(programming_language) 1
[...]
families
    https://en.wikipedia.org/wiki/Programming_language 1
contractors
    https://en.wikipedia.org/wiki/Programming_language 1
editions
    https://en.wikipedia.org/wiki/Java_(programming_language) 1
essentially
    https://en.wikipedia.org/wiki/Programming_language 1
remarks
    https://en.wikipedia.org/wiki/Programming_language 1
handler
    https://en.wikipedia.org/wiki/Programming_language 1
    https://en.wikipedia.org/wiki/Java_(programming_language) 1
coherent
    https://en.wikipedia.org/wiki/Programming_language 1
upper
    https://en.wikipedia.org/wiki/Java_(programming_language) 1
stood
    https://en.wikipedia.org/wiki/Java_(programming_language) 1
promised
    https://en.wikipedia.org/wiki/Java_(programming_language) 1
objective
    https://en.wikipedia.org/wiki/Programming_language 1
speaking
    https://en.wikipedia.org/wiki/Programming_language 1
extremely
    https://en.wikipedia.org/wiki/Programming_language 1
<applet>
    https://en.wikipedia.org/wiki/Java_(programming_language) 1
raises
    https://en.wikipedia.org/wiki/Programming_language 1
programmers
    https://en.wikipedia.org/wiki/Programming_language 4
    https://en.wikipedia.org/wiki/Java_(programming_language) 2
exhibit
    https://en.wikipedia.org/wiki/Programming_language 1
brand
    https://en.wikipedia.org/wiki/Java_(programming_language) 1
they
    https://en.wikipedia.org/wiki/Programming_language 12
    https://en.wikipedia.org/wiki/Java_(programming_language) 3
closely
    https://en.wikipedia.org/wiki/Programming_language 2
interpreter
    https://en.wikipedia.org/wiki/Programming_language 4
them
    https://en.wikipedia.org/wiki/Programming_language 6
    https://en.wikipedia.org/wiki/Java_(programming_language) 1
portable
    https://en.wikipedia.org/wiki/Java_(programming_language) 1
then
    https://en.wikipedia.org/wiki/Programming_language 2
    https://en.wikipedia.org/wiki/Java_(programming_language) 4
accept
    https://en.wikipedia.org/wiki/Java_(programming_language) 1
appletcontext
    https://en.wikipedia.org/wiki/Java_(programming_language) 1
re
    https://en.wikipedia.org/wiki/Java_(programming_language) 1
concepts
    https://en.wikipedia.org/wiki/Programming_language 4
invoked
    https://en.wikipedia.org/wiki/Java_(programming_language) 2
interpreted
    https://en.wikipedia.org/wiki/Programming_language 2
    https://en.wikipedia.org/wiki/Java_(programming_language) 1
starting
    https://en.wikipedia.org/wiki/Java_(programming_language) 1
subsets
    https://en.wikipedia.org/wiki/Programming_language 1
checking
    https://en.wikipedia.org/wiki/Programming_language 5
    https://en.wikipedia.org/wiki/Java_(programming_language) 1
access
    https://en.wikipedia.org/wiki/Programming_language 1
    https://en.wikipedia.org/wiki/Java_(programming_language) 7
primitive
    https://en.wikipedia.org/wiki/Programming_language 1
    https://en.wikipedia.org/wiki/Java_(programming_language) 3
grammatical
    https://en.wikipedia.org/wiki/Programming_language 1
executed
    https://en.wikipedia.org/wiki/Programming_language 6
    https://en.wikipedia.org/wiki/Java_(programming_language) 3
sun
    https://en.wikipedia.org/wiki/Java_(programming_language) 29
seen
    https://en.wikipedia.org/wiki/Programming_language 1
seem
    https://en.wikipedia.org/wiki/Programming_language 1
referring
    https://en.wikipedia.org/wiki/Programming_language 1
current
    https://en.wikipedia.org/wiki/Programming_language 1
    https://en.wikipedia.org/wiki/Java_(programming_language) 2
se
    https://en.wikipedia.org/wiki/Java_(programming_language) 8
managed
    https://en.wikipedia.org/wiki/Java_(programming_language) 1
so
    https://en.wikipedia.org/wiki/Programming_language 6
    https://en.wikipedia.org/wiki/Java_(programming_language) 2
key
    https://en.wikipedia.org/wiki/Java_(programming_language) 1
preferred
    https://en.wikipedia.org/wiki/Java_(programming_language) 1
issuing
    https://en.wikipedia.org/wiki/Programming_language 1
decision
    https://en.wikipedia.org/wiki/Java_(programming_language) 1
one
    https://en.wikipedia.org/wiki/Programming_language 14
    https://en.wikipedia.org/wiki/Java_(programming_language) 7
makes
    https://en.wikipedia.org/wiki/Java_(programming_language) 2
started
    https://en.wikipedia.org/wiki/Java_(programming_language) 1
launch
    https://en.wikipedia.org/wiki/Java_(programming_language) 1
ideally
    https://en.wikipedia.org/wiki/Java_(programming_language) 1
single
    https://en.wikipedia.org/wiki/Programming_language 5
    https://en.wikipedia.org/wiki/Java_(programming_language) 2
handled
    https://en.wikipedia.org/wiki/Programming_language 1
closed
    https://en.wikipedia.org/wiki/Programming_language 2
    https://en.wikipedia.org/wiki/Java_(programming_language) 3
fourth
    https://en.wikipedia.org/wiki/Programming_language 1
vast
    https://en.wikipedia.org/wiki/Programming_language 1
to
    https://en.wikipedia.org/wiki/Programming_language 117
    https://en.wikipedia.org/wiki/Java_(programming_language) 115
reimplementation
    https://en.wikipedia.org/wiki/Java_(programming_language) 1
partially
    https://en.wikipedia.org/wiki/Java_(programming_language) 1
but
    https://en.wikipedia.org/wiki/Programming_language 10
    https://en.wikipedia.org/wiki/Java_(programming_language) 10
commercial
    https://en.wikipedia.org/wiki/Programming_language 1
    https://en.wikipedia.org/wiki/Java_(programming_language) 1
declare
    https://en.wikipedia.org/wiki/Java_(programming_language) 1
separate
    https://en.wikipedia.org/wiki/Programming_language 3
    https://en.wikipedia.org/wiki/Java_(programming_language) 2
available
    https://en.wikipedia.org/wiki/Programming_language 6
    https://en.wikipedia.org/wiki/Java_(programming_language) 4
rules
    https://en.wikipedia.org/wiki/Programming_language 4
express
    https://en.wikipedia.org/wiki/Programming_language 4
contexts
    https://en.wikipedia.org/wiki/Programming_language 1
regularly
    https://en.wikipedia.org/wiki/Programming_language 1
aqua
    https://en.wikipedia.org/wiki/Java_(programming_language) 1
apache
    https://en.wikipedia.org/wiki/Java_(programming_language) 1
ruled
    https://en.wikipedia.org/wiki/Java_(programming_language) 1
military
    https://en.wikipedia.org/wiki/Programming_language 1
details
    https://en.wikipedia.org/wiki/Programming_language 1
dynamic
    https://en.wikipedia.org/wiki/Programming_language 4
aids
    https://en.wikipedia.org/wiki/Java_(programming_language) 1
written
    https://en.wikipedia.org/wiki/Programming_language 6
    https://en.wikipedia.org/wiki/Java_(programming_language) 9
disuse
    https://en.wikipedia.org/wiki/Programming_language 1
up
    https://en.wikipedia.org/wiki/Programming_language 1
unusual
    https://en.wikipedia.org/wiki/Programming_language 1
generate
    https://en.wikipedia.org/wiki/Java_(programming_language) 3
us
    https://en.wikipedia.org/wiki/Programming_language 1
treated
    https://en.wikipedia.org/wiki/Programming_language 3
    https://en.wikipedia.org/wiki/Java_(programming_language) 1
oracle
    https://en.wikipedia.org/wiki/Programming_language 1
    https://en.wikipedia.org/wiki/Java_(programming_language) 14
degree
    https://en.wikipedia.org/wiki/Programming_language 2
this
    https://en.wikipedia.org/wiki/Programming_language 18
    https://en.wikipedia.org/wiki/Java_(programming_language) 22
modules
    https://en.wikipedia.org/wiki/Programming_language 1
especially
    https://en.wikipedia.org/wiki/Programming_language 1
once
    https://en.wikipedia.org/wiki/Programming_language 2
    https://en.wikipedia.org/wiki/Java_(programming_language) 6
solve
    https://en.wikipedia.org/wiki/Programming_language 1
transformations
    https://en.wikipedia.org/wiki/Programming_language 2
vm
    https://en.wikipedia.org/wiki/Java_(programming_language) 3
support
    https://en.wikipedia.org/wiki/Programming_language 2
    https://en.wikipedia.org/wiki/Java_(programming_language) 10
insists
    https://en.wikipedia.org/wiki/Java_(programming_language) 1
higher
    https://en.wikipedia.org/wiki/Programming_language 4
implements
    https://en.wikipedia.org/wiki/Java_(programming_language) 1
jazelle
    https://en.wikipedia.org/wiki/Java_(programming_language) 1
idea
    https://en.wikipedia.org/wiki/Programming_language 1
vehicles
    https://en.wikipedia.org/wiki/Programming_language 1
expects
    https://en.wikipedia.org/wiki/Programming_language 2
printstream
    https://en.wikipedia.org/wiki/Java_(programming_language) 1
proprietary
    https://en.wikipedia.org/wiki/Programming_language 8
    https://en.wikipedia.org/wiki/Java_(programming_language) 2
kit
    https://en.wikipedia.org/wiki/Java_(programming_language) 1
throughout
    https://en.wikipedia.org/wiki/Programming_language 1
disposed
    https://en.wikipedia.org/wiki/Java_(programming_language) 2
emphasize
    https://en.wikipedia.org/wiki/Programming_language 1
normal
    https://en.wikipedia.org/wiki/Java_(programming_language) 1
strokes
    https://en.wikipedia.org/wiki/Programming_language 1
types
    https://en.wikipedia.org/wiki/Programming_language 14
    https://en.wikipedia.org/wiki/Java_(programming_language) 6
encourages
    https://en.wikipedia.org/wiki/Programming_language 1
cases
    https://en.wikipedia.org/wiki/Programming_language 3
previous
    https://en.wikipedia.org/wiki/Programming_language 1
classpath
    https://en.wikipedia.org/wiki/Java_(programming_language) 1
technology
    https://en.wikipedia.org/wiki/Java_(programming_language) 2
flute
    https://en.wikipedia.org/wiki/Programming_language 1
typed
    https://en.wikipedia.org/wiki/Programming_language 19
untyped
    https://en.wikipedia.org/wiki/Programming_language 2
xp
    https://en.wikipedia.org/wiki/Java_(programming_language) 1
ones
    https://en.wikipedia.org/wiki/Programming_language 2
z3
    https://en.wikipedia.org/wiki/Programming_language 1
paintcomponent
    https://en.wikipedia.org/wiki/Java_(programming_language) 4
passing
    https://en.wikipedia.org/wiki/Java_(programming_language) 2
3gls
    https://en.wikipedia.org/wiki/Programming_language 1
software
    https://en.wikipedia.org/wiki/Programming_language 3
    https://en.wikipedia.org/wiki/Java_(programming_language) 9
graphical
    https://en.wikipedia.org/wiki/Programming_language 2
    https://en.wikipedia.org/wiki/Java_(programming_language) 3
processors
    https://en.wikipedia.org/wiki/Java_(programming_language) 1
type
    https://en.wikipedia.org/wiki/Programming_language 35
    https://en.wikipedia.org/wiki/Java_(programming_language) 5
april
    https://en.wikipedia.org/wiki/Java_(programming_language) 1
problem
    https://en.wikipedia.org/wiki/Programming_language 1
    https://en.wikipedia.org/wiki/Java_(programming_language) 3
terms
    https://en.wikipedia.org/wiki/Programming_language 2
    https://en.wikipedia.org/wiki/Java_(programming_language) 3
presence
    https://en.wikipedia.org/wiki/Java_(programming_language) 1
between
    https://en.wikipedia.org/wiki/Programming_language 10
    https://en.wikipedia.org/wiki/Java_(programming_language) 1
phase
    https://en.wikipedia.org/wiki/Programming_language 1
goal
    https://en.wikipedia.org/wiki/Programming_language 3
    https://en.wikipedia.org/wiki/Java_(programming_language) 2
method
    https://en.wikipedia.org/wiki/Java_(programming_language) 31
natural
    https://en.wikipedia.org/wiki/Programming_language 9
overhead
    https://en.wikipedia.org/wiki/Java_(programming_language) 2
procedural
    https://en.wikipedia.org/wiki/Programming_language 1
icedtea
    https://en.wikipedia.org/wiki/Java_(programming_language) 1
exist
    https://en.wikipedia.org/wiki/Programming_language 2
combinations
    https://en.wikipedia.org/wiki/Programming_language 1
concatenation
    https://en.wikipedia.org/wiki/Java_(programming_language) 1
examples
    https://en.wikipedia.org/wiki/Programming_language 3
following
    https://en.wikipedia.org/wiki/Programming_language 4
    https://en.wikipedia.org/wiki/Java_(programming_language) 2
exact
    https://en.wikipedia.org/wiki/Programming_language 1
substantially
    https://en.wikipedia.org/wiki/Programming_language 1
hotspot
    https://en.wikipedia.org/wiki/Java_(programming_language) 3
james
    https://en.wikipedia.org/wiki/Java_(programming_language) 3
distribution
    https://en.wikipedia.org/wiki/Java_(programming_language) 1
tools
    https://en.wikipedia.org/wiki/Java_(programming_language) 1
out
    https://en.wikipedia.org/wiki/Programming_language 1
    https://en.wikipedia.org/wiki/Java_(programming_language) 4
weak
    https://en.wikipedia.org/wiki/Programming_language 1
leak
    https://en.wikipedia.org/wiki/Java_(programming_language) 2
feature
    https://en.wikipedia.org/wiki/Programming_language 1
elaborated
    https://en.wikipedia.org/wiki/Programming_language 1
continues
    https://en.wikipedia.org/wiki/Programming_language 1
initialized
    https://en.wikipedia.org/wiki/Java_(programming_language) 1
leap
    https://en.wikipedia.org/wiki/Programming_language 1
precise
    https://en.wikipedia.org/wiki/Programming_language 2
regular
    https://en.wikipedia.org/wiki/Programming_language 1
1970s
    https://en.wikipedia.org/wiki/Programming_language 2
dispute
    https://en.wikipedia.org/wiki/Java_(programming_language) 2
initializes
    https://en.wikipedia.org/wiki/Java_(programming_language) 1
token
    https://en.wikipedia.org/wiki/Programming_language 1
help
    https://en.wikipedia.org/wiki/Programming_language 1
expect
    https://en.wikipedia.org/wiki/Programming_language 1
additionally
    https://en.wikipedia.org/wiki/Programming_language 1
    https://en.wikipedia.org/wiki/Java_(programming_language) 1
elements
    https://en.wikipedia.org/wiki/Programming_language 2
    https://en.wikipedia.org/wiki/Java_(programming_language) 1
structuring
    https://en.wikipedia.org/wiki/Programming_language 1
located
    https://en.wikipedia.org/wiki/Java_(programming_language) 1
responses
    https://en.wikipedia.org/wiki/Java_(programming_language) 2
prone
    https://en.wikipedia.org/wiki/Programming_language 1
mathematical
    https://en.wikipedia.org/wiki/Programming_language 3
addresses
    https://en.wikipedia.org/wiki/Java_(programming_language) 2
succeeds
    https://en.wikipedia.org/wiki/Programming_language 1
theoretical
    https://en.wikipedia.org/wiki/Programming_language 1
data
    https://en.wikipedia.org/wiki/Programming_language 16
    https://en.wikipedia.org/wiki/Java_(programming_language) 9
adequate
    https://en.wikipedia.org/wiki/Java_(programming_language) 1
own
    https://en.wikipedia.org/wiki/Java_(programming_language) 4
gosling
    https://en.wikipedia.org/wiki/Java_(programming_language) 5
describing
    https://en.wikipedia.org/wiki/Programming_language 1
should
    https://en.wikipedia.org/wiki/Programming_language 3
only
    https://en.wikipedia.org/wiki/Programming_language 7
    https://en.wikipedia.org/wiki/Java_(programming_language) 8
create
    https://en.wikipedia.org/wiki/Programming_language 1
    https://en.wikipedia.org/wiki/Java_(programming_language) 4
tag
    https://en.wikipedia.org/wiki/Java_(programming_language) 3
mechanisms
    https://en.wikipedia.org/wiki/Programming_language 1
matlab
    https://en.wikipedia.org/wiki/Programming_language 1
readable
    https://en.wikipedia.org/wiki/Programming_language 1
development
    https://en.wikipedia.org/wiki/Programming_language 5
    https://en.wikipedia.org/wiki/Java_(programming_language) 4
like
    https://en.wikipedia.org/wiki/Programming_language 6
    https://en.wikipedia.org/wiki/Java_(programming_language) 1
accepted
    https://en.wikipedia.org/wiki/Programming_language 1
servletexception
    https://en.wikipedia.org/wiki/Java_(programming_language) 1
regards
    https://en.wikipedia.org/wiki/Programming_language 1
sent
    https://en.wikipedia.org/wiki/Java_(programming_language) 1
grammatically
    https://en.wikipedia.org/wiki/Programming_language 1
core
    https://en.wikipedia.org/wiki/Programming_language 5
    https://en.wikipedia.org/wiki/Java_(programming_language) 2
proposed
    https://en.wikipedia.org/wiki/Programming_language 3
purposes
    https://en.wikipedia.org/wiki/Programming_language 1
    https://en.wikipedia.org/wiki/Java_(programming_language) 1
person
    https://en.wikipedia.org/wiki/Programming_language 1
safe
    https://en.wikipedia.org/wiki/Programming_language 2
enforce
    https://en.wikipedia.org/wiki/Programming_language 1
files
    https://en.wikipedia.org/wiki/Java_(programming_language) 1
ground
    https://en.wikipedia.org/wiki/Programming_language 1
potentially
    https://en.wikipedia.org/wiki/Programming_language 1
here
    https://en.wikipedia.org/wiki/Programming_language 1
note
    https://en.wikipedia.org/wiki/Java_(programming_language) 1
ancestry
    https://en.wikipedia.org/wiki/Programming_language 1
rejected
    https://en.wikipedia.org/wiki/Programming_language 2
purpose
    https://en.wikipedia.org/wiki/Programming_language 7
    https://en.wikipedia.org/wiki/Java_(programming_language) 1
line
    https://en.wikipedia.org/wiki/Programming_language 4
    https://en.wikipedia.org/wiki/Java_(programming_language) 6
weakly
    https://en.wikipedia.org/wiki/Programming_language 3
distinct
    https://en.wikipedia.org/wiki/Programming_language 2
scale
    https://en.wikipedia.org/wiki/Programming_language 2
    https://en.wikipedia.org/wiki/Java_(programming_language) 1
can
    https://en.wikipedia.org/wiki/Programming_language 22
    https://en.wikipedia.org/wiki/Java_(programming_language) 18
targeting
    https://en.wikipedia.org/wiki/Java_(programming_language) 2
security
    https://en.wikipedia.org/wiki/Programming_language 1
    https://en.wikipedia.org/wiki/Java_(programming_language) 3
computing
    https://en.wikipedia.org/wiki/Programming_language 4
floating
    https://en.wikipedia.org/wiki/Java_(programming_language) 2
eligible
    https://en.wikipedia.org/wiki/Java_(programming_language) 1
tcl
    https://en.wikipedia.org/wiki/Programming_language 1
said
    https://en.wikipedia.org/wiki/Java_(programming_language) 1
player
    https://en.wikipedia.org/wiki/Programming_language 2
carried
    https://en.wikipedia.org/wiki/Programming_language 1
aims
    https://en.wikipedia.org/wiki/Java_(programming_language) 1
cost
    https://en.wikipedia.org/wiki/Java_(programming_language) 1
limited
    https://en.wikipedia.org/wiki/Programming_language 2
will
    https://en.wikipedia.org/wiki/Programming_language 3
    https://en.wikipedia.org/wiki/Java_(programming_language) 2
idle
    https://en.wikipedia.org/wiki/Java_(programming_language) 1
studied
    https://en.wikipedia.org/wiki/Programming_language 1
implementation
    https://en.wikipedia.org/wiki/Programming_language 10
    https://en.wikipedia.org/wiki/Java_(programming_language) 18
groups
    https://en.wikipedia.org/wiki/Java_(programming_language) 1
arbitrary
    https://en.wikipedia.org/wiki/Java_(programming_language) 1
standardize
    https://en.wikipedia.org/wiki/Programming_language 1
allowing
    https://en.wikipedia.org/wiki/Java_(programming_language) 1
intent
    https://en.wikipedia.org/wiki/Programming_language 1
loopholes
    https://en.wikipedia.org/wiki/Programming_language 1
factors
    https://en.wikipedia.org/wiki/Programming_language 1
fragment
    https://en.wikipedia.org/wiki/Programming_language 1
boolean
    https://en.wikipedia.org/wiki/Java_(programming_language) 3
compliance
    https://en.wikipedia.org/wiki/Java_(programming_language) 1
response
    https://en.wikipedia.org/wiki/Java_(programming_language) 5
arguments
    https://en.wikipedia.org/wiki/Programming_language 1
    https://en.wikipedia.org/wiki/Java_(programming_language) 3
]]></system-out>
  <system-err><![CDATA[]]></system-err>
</testsuite>
